[ 2014-02-21T09:22:46+08:00 ] 127.0.0.1 /myproject/index.php/Admin/Category/index.html
NOTIC: [2] array_merge(): Argument #2 is not an array D:\wamp\www\myproject\ThinkPHP\Library\Think\Hook.class.php 第 55 行.
INFO: [ app_begin ] --START--
INFO: Run Behavior\ReadHtmlCache [ RunTime:0.000936s ]
INFO: [ app_begin ] --END-- [ RunTime:0.001054s ]
SQL: SHOW COLUMNS FROM `menu` [ RunTime:0.038111s ]
SQL: SELECT * FROM `menu` WHERE ( `pid` = 0 )  [ RunTime:0.000605s ]
SQL: SELECT * FROM `menu` WHERE ( `url` LIKE '%Category/index%' ) LIMIT 1   [ RunTime:0.000406s ]
NOTIC: [8] Undefined variable: child_list D:\wamp\www\myproject\Application\Admin\Controller\CommonController.class.php 第 37 行.
INFO: [ view_parse ] --START--
INFO: [ template_filter ] --START--
INFO: Run Behavior\ContentReplace [ RunTime:0.000104s ]
INFO: [ template_filter ] --END-- [ RunTime:0.000291s ]
INFO: Run Behavior\ParseTemplate [ RunTime:0.006327s ]
INFO: [ view_parse ] --END-- [ RunTime:0.006522s ]
INFO: [ view_filter ] --START--
INFO: Run Behavior\WriteHtmlCache [ RunTime:0.001016s ]
INFO: [ view_filter ] --END-- [ RunTime:0.001188s ]
INFO: [ app_end ] --START--
INFO: Run Behavior\ShowPageTrace [ RunTime:0.001504s ]
INFO: [ app_end ] --END-- [ RunTime:0.001683s ]

[ 2014-02-21T09:26:15+08:00 ] 127.0.0.1 /myproject/index.php/Admin/Category/index.html
NOTIC: [2] array_merge(): Argument #2 is not an array D:\wamp\www\myproject\ThinkPHP\Library\Think\Hook.class.php 第 55 行.
INFO: [ app_begin ] --START--
INFO: Run Behavior\ReadHtmlCache [ RunTime:0.001126s ]
INFO: [ app_begin ] --END-- [ RunTime:0.001285s ]
SQL: SHOW COLUMNS FROM `menu` [ RunTime:0.003190s ]
SQL: SELECT * FROM `menu` WHERE ( `pid` = 0 )  [ RunTime:0.000261s ]
SQL: SELECT * FROM `menu` WHERE ( `url` LIKE '%Category/index%' ) LIMIT 1   [ RunTime:0.000213s ]
NOTIC: [8] Undefined variable: child_list D:\wamp\www\myproject\Application\Admin\Controller\CommonController.class.php 第 37 行.
INFO: [ view_parse ] --START--
INFO: [ template_filter ] --START--
INFO: Run Behavior\ContentReplace [ RunTime:0.000153s ]
INFO: [ template_filter ] --END-- [ RunTime:0.000358s ]
INFO: Run Behavior\ParseTemplate [ RunTime:0.046144s ]
INFO: [ view_parse ] --END-- [ RunTime:0.046298s ]
INFO: [ view_filter ] --START--
INFO: Run Behavior\WriteHtmlCache [ RunTime:0.000905s ]
INFO: [ view_filter ] --END-- [ RunTime:0.001086s ]
INFO: [ app_end ] --START--
INFO: Run Behavior\ShowPageTrace [ RunTime:0.001544s ]
INFO: [ app_end ] --END-- [ RunTime:0.001729s ]

[ 2014-02-21T09:26:17+08:00 ] 127.0.0.1 /myproject/index.php/Admin/Category/index.html
NOTIC: [2] array_merge(): Argument #2 is not an array D:\wamp\www\myproject\ThinkPHP\Library\Think\Hook.class.php 第 55 行.
INFO: [ app_begin ] --START--
INFO: Run Behavior\ReadHtmlCache [ RunTime:0.001083s ]
INFO: [ app_begin ] --END-- [ RunTime:0.001257s ]
SQL: SHOW COLUMNS FROM `menu` [ RunTime:0.003793s ]
SQL: SELECT * FROM `menu` WHERE ( `pid` = 0 )  [ RunTime:0.000232s ]
SQL: SELECT * FROM `menu` WHERE ( `url` LIKE '%Category/index%' ) LIMIT 1   [ RunTime:0.000184s ]
NOTIC: [8] Undefined variable: child_list D:\wamp\www\myproject\Application\Admin\Controller\CommonController.class.php 第 37 行.
INFO: [ view_parse ] --START--
INFO: [ template_filter ] --START--
INFO: Run Behavior\ContentReplace [ RunTime:0.000082s ]
INFO: [ template_filter ] --END-- [ RunTime:0.000196s ]
INFO: Run Behavior\ParseTemplate [ RunTime:0.009338s ]
INFO: [ view_parse ] --END-- [ RunTime:0.009466s ]
INFO: [ view_filter ] --START--
INFO: Run Behavior\WriteHtmlCache [ RunTime:0.000618s ]
INFO: [ view_filter ] --END-- [ RunTime:0.000814s ]
INFO: [ app_end ] --START--
INFO: Run Behavior\ShowPageTrace [ RunTime:0.000721s ]
INFO: [ app_end ] --END-- [ RunTime:0.000817s ]

[ 2014-02-21T09:26:18+08:00 ] 127.0.0.1 /myproject/index.php/Admin/Category/index.html
NOTIC: [2] array_merge(): Argument #2 is not an array D:\wamp\www\myproject\ThinkPHP\Library\Think\Hook.class.php 第 55 行.
INFO: [ app_begin ] --START--
INFO: Run Behavior\ReadHtmlCache [ RunTime:0.001316s ]
INFO: [ app_begin ] --END-- [ RunTime:0.001501s ]
SQL: SHOW COLUMNS FROM `menu` [ RunTime:0.004505s ]
SQL: SELECT * FROM `menu` WHERE ( `pid` = 0 )  [ RunTime:0.000395s ]
SQL: SELECT * FROM `menu` WHERE ( `url` LIKE '%Category/index%' ) LIMIT 1   [ RunTime:0.000332s ]
NOTIC: [8] Undefined variable: child_list D:\wamp\www\myproject\Application\Admin\Controller\CommonController.class.php 第 37 行.
INFO: [ view_parse ] --START--
INFO: [ template_filter ] --START--
INFO: Run Behavior\ContentReplace [ RunTime:0.000127s ]
INFO: [ template_filter ] --END-- [ RunTime:0.000303s ]
INFO: Run Behavior\ParseTemplate [ RunTime:0.011420s ]
INFO: [ view_parse ] --END-- [ RunTime:0.011576s ]
INFO: [ view_filter ] --START--
INFO: Run Behavior\WriteHtmlCache [ RunTime:0.000697s ]
INFO: [ view_filter ] --END-- [ RunTime:0.000836s ]
INFO: [ app_end ] --START--
INFO: Run Behavior\ShowPageTrace [ RunTime:0.001076s ]
INFO: [ app_end ] --END-- [ RunTime:0.001219s ]

[ 2014-02-21T09:42:16+08:00 ] 127.0.0.1 /myproject/index.php/Admin/Category/index.html
NOTIC: [2] array_merge(): Argument #2 is not an array D:\wamp\www\myproject\ThinkPHP\Library\Think\Hook.class.php 第 55 行.
INFO: [ app_begin ] --START--
INFO: Run Behavior\ReadHtmlCache [ RunTime:0.000824s ]
INFO: [ app_begin ] --END-- [ RunTime:0.000937s ]
SQL: SHOW COLUMNS FROM `menu` [ RunTime:0.002894s ]
SQL: SELECT * FROM `menu` WHERE ( `pid` = 0 )  [ RunTime:0.000246s ]
SQL: SELECT * FROM `menu` WHERE ( `url` LIKE '%Category/index%' ) LIMIT 1   [ RunTime:0.000185s ]
NOTIC: [8] Undefined variable: child_list D:\wamp\www\myproject\Application\Admin\Controller\CommonController.class.php 第 37 行.
INFO: [ view_parse ] --START--
INFO: [ template_filter ] --START--
INFO: Run Behavior\ContentReplace [ RunTime:0.000196s ]
INFO: [ template_filter ] --END-- [ RunTime:0.000321s ]
INFO: Run Behavior\ParseTemplate [ RunTime:0.010868s ]
INFO: [ view_parse ] --END-- [ RunTime:0.010969s ]
INFO: [ view_filter ] --START--
INFO: Run Behavior\WriteHtmlCache [ RunTime:0.000474s ]
INFO: [ view_filter ] --END-- [ RunTime:0.000566s ]
INFO: [ app_end ] --START--
INFO: Run Behavior\ShowPageTrace [ RunTime:0.000753s ]
INFO: [ app_end ] --END-- [ RunTime:0.000846s ]

[ 2014-02-21T09:49:30+08:00 ] 127.0.0.1 /myproject/index.php/Admin/Category/index.html
NOTIC: [2] array_merge(): Argument #2 is not an array D:\wamp\www\myproject\ThinkPHP\Library\Think\Hook.class.php 第 55 行.
INFO: [ app_begin ] --START--
INFO: Run Behavior\ReadHtmlCache [ RunTime:0.000816s ]
INFO: [ app_begin ] --END-- [ RunTime:0.000932s ]
SQL: SHOW COLUMNS FROM `menu` [ RunTime:0.003467s ]
SQL: SELECT * FROM `menu` WHERE ( `pid` = 0 )  [ RunTime:0.000254s ]
SQL: SELECT * FROM `menu` WHERE ( `url` LIKE '%Category/index%' ) LIMIT 1   [ RunTime:0.000206s ]
NOTIC: [8] Undefined variable: child_list D:\wamp\www\myproject\Application\Admin\Controller\CommonController.class.php 第 37 行.
INFO: [ view_parse ] --START--
INFO: [ template_filter ] --START--
INFO: Run Behavior\ContentReplace [ RunTime:0.000237s ]
INFO: [ template_filter ] --END-- [ RunTime:0.000361s ]
INFO: Run Behavior\ParseTemplate [ RunTime:0.012520s ]
INFO: [ view_parse ] --END-- [ RunTime:0.012639s ]
INFO: [ view_filter ] --START--
INFO: Run Behavior\WriteHtmlCache [ RunTime:0.000507s ]
INFO: [ view_filter ] --END-- [ RunTime:0.000609s ]
INFO: [ app_end ] --START--
INFO: Run Behavior\ShowPageTrace [ RunTime:0.000798s ]
INFO: [ app_end ] --END-- [ RunTime:0.000900s ]

[ 2014-02-21T09:50:22+08:00 ] 127.0.0.1 /myproject/index.php/Admin/Category/index.html
NOTIC: [2] array_merge(): Argument #2 is not an array D:\wamp\www\myproject\ThinkPHP\Library\Think\Hook.class.php 第 55 行.
INFO: [ app_begin ] --START--
INFO: Run Behavior\ReadHtmlCache [ RunTime:0.001026s ]
INFO: [ app_begin ] --END-- [ RunTime:0.001202s ]
SQL: SHOW COLUMNS FROM `menu` [ RunTime:0.004854s ]
SQL: SELECT * FROM `menu` WHERE ( `pid` = 0 )  [ RunTime:0.000604s ]
SQL: SELECT * FROM `menu` WHERE ( `url` LIKE '%Category/index%' ) LIMIT 1   [ RunTime:0.000370s ]
NOTIC: [8] Undefined variable: child_list D:\wamp\www\myproject\Application\Admin\Controller\CommonController.class.php 第 37 行.
INFO: [ view_parse ] --START--
INFO: [ template_filter ] --START--
INFO: Run Behavior\ContentReplace [ RunTime:0.000357s ]
INFO: [ template_filter ] --END-- [ RunTime:0.000588s ]
INFO: Run Behavior\ParseTemplate [ RunTime:0.016970s ]
INFO: [ view_parse ] --END-- [ RunTime:0.017134s ]
INFO: [ view_filter ] --START--
INFO: Run Behavior\WriteHtmlCache [ RunTime:0.000446s ]
INFO: [ view_filter ] --END-- [ RunTime:0.000563s ]
INFO: [ app_end ] --START--
INFO: Run Behavior\ShowPageTrace [ RunTime:0.000771s ]
INFO: [ app_end ] --END-- [ RunTime:0.000891s ]

[ 2014-02-21T09:50:25+08:00 ] 127.0.0.1 /myproject/index.php/Admin/Category/index.html
NOTIC: [2] array_merge(): Argument #2 is not an array D:\wamp\www\myproject\ThinkPHP\Library\Think\Hook.class.php 第 55 行.
INFO: [ app_begin ] --START--
INFO: Run Behavior\ReadHtmlCache [ RunTime:0.000572s ]
INFO: [ app_begin ] --END-- [ RunTime:0.000687s ]
SQL: SHOW COLUMNS FROM `menu` [ RunTime:0.003256s ]
SQL: SELECT * FROM `menu` WHERE ( `pid` = 0 )  [ RunTime:0.000249s ]
SQL: SELECT * FROM `menu` WHERE ( `url` LIKE '%Category/index%' ) LIMIT 1   [ RunTime:0.000200s ]
NOTIC: [8] Undefined variable: child_list D:\wamp\www\myproject\Application\Admin\Controller\CommonController.class.php 第 37 行.
INFO: [ view_parse ] --START--
INFO: [ template_filter ] --START--
INFO: Run Behavior\ContentReplace [ RunTime:0.000232s ]
INFO: [ template_filter ] --END-- [ RunTime:0.000370s ]
INFO: Run Behavior\ParseTemplate [ RunTime:0.010107s ]
INFO: [ view_parse ] --END-- [ RunTime:0.010234s ]
INFO: [ view_filter ] --START--
INFO: Run Behavior\WriteHtmlCache [ RunTime:0.000365s ]
INFO: [ view_filter ] --END-- [ RunTime:0.000479s ]
INFO: [ app_end ] --START--
INFO: Run Behavior\ShowPageTrace [ RunTime:0.000708s ]
INFO: [ app_end ] --END-- [ RunTime:0.000823s ]

[ 2014-02-21T09:50:27+08:00 ] 127.0.0.1 /myproject/index.php/Admin/Category/gallery.html
NOTIC: [2] array_merge(): Argument #2 is not an array D:\wamp\www\myproject\ThinkPHP\Library\Think\Hook.class.php 第 55 行.
INFO: [ app_begin ] --START--
INFO: Run Behavior\ReadHtmlCache [ RunTime:0.000641s ]
INFO: [ app_begin ] --END-- [ RunTime:0.000764s ]
SQL: SHOW COLUMNS FROM `menu` [ RunTime:0.003491s ]
SQL: SELECT * FROM `menu` WHERE ( `pid` = 0 )  [ RunTime:0.000244s ]
SQL: SELECT * FROM `menu` WHERE ( `url` LIKE '%Category/gallery%' ) LIMIT 1   [ RunTime:0.000205s ]
INFO: [ view_parse ] --START--
INFO: [ template_filter ] --START--
INFO: Run Behavior\ContentReplace [ RunTime:0.000087s ]
INFO: [ template_filter ] --END-- [ RunTime:0.000215s ]
INFO: Run Behavior\ParseTemplate [ RunTime:0.020871s ]
INFO: [ view_parse ] --END-- [ RunTime:0.021000s ]
INFO: [ view_filter ] --START--
INFO: Run Behavior\WriteHtmlCache [ RunTime:0.000397s ]
INFO: [ view_filter ] --END-- [ RunTime:0.000515s ]

[ 2014-02-21T09:52:12+08:00 ] 127.0.0.1 /myproject/index.php/Admin/Category/index.html
NOTIC: [2] array_merge(): Argument #2 is not an array D:\wamp\www\myproject\ThinkPHP\Library\Think\Hook.class.php 第 55 行.
INFO: [ app_begin ] --START--
INFO: Run Behavior\ReadHtmlCache [ RunTime:0.000561s ]
INFO: [ app_begin ] --END-- [ RunTime:0.000679s ]
SQL: SHOW COLUMNS FROM `menu` [ RunTime:0.003900s ]
SQL: SELECT * FROM `menu` WHERE ( `pid` = 0 )  [ RunTime:0.000371s ]
SQL: SELECT * FROM `menu` WHERE ( `url` LIKE '%Category/index%' ) LIMIT 1   [ RunTime:0.000233s ]
NOTIC: [8] Undefined variable: child_list D:\wamp\www\myproject\Application\Admin\Controller\CommonController.class.php 第 37 行.
INFO: [ view_parse ] --START--
INFO: [ template_filter ] --START--
INFO: Run Behavior\ContentReplace [ RunTime:0.000212s ]
INFO: [ template_filter ] --END-- [ RunTime:0.000340s ]
INFO: Run Behavior\ParseTemplate [ RunTime:0.009274s ]
INFO: [ view_parse ] --END-- [ RunTime:0.009389s ]
INFO: [ view_filter ] --START--
INFO: Run Behavior\WriteHtmlCache [ RunTime:0.000296s ]
INFO: [ view_filter ] --END-- [ RunTime:0.000396s ]
INFO: [ app_end ] --START--
INFO: Run Behavior\ShowPageTrace [ RunTime:0.000612s ]
INFO: [ app_end ] --END-- [ RunTime:0.000713s ]

[ 2014-02-21T09:52:19+08:00 ] 127.0.0.1 /myproject/index.php/Admin/Category/gallery.html
NOTIC: [2] array_merge(): Argument #2 is not an array D:\wamp\www\myproject\ThinkPHP\Library\Think\Hook.class.php 第 55 行.
INFO: [ app_begin ] --START--
INFO: Run Behavior\ReadHtmlCache [ RunTime:0.000525s ]
INFO: [ app_begin ] --END-- [ RunTime:0.000629s ]
SQL: SHOW COLUMNS FROM `menu` [ RunTime:0.002885s ]
SQL: SELECT * FROM `menu` WHERE ( `pid` = 0 )  [ RunTime:0.000264s ]
SQL: SELECT * FROM `menu` WHERE ( `url` LIKE '%Category/gallery%' ) LIMIT 1   [ RunTime:0.000215s ]
INFO: [ view_parse ] --START--
INFO: [ template_filter ] --START--
INFO: Run Behavior\ContentReplace [ RunTime:0.000091s ]
INFO: [ template_filter ] --END-- [ RunTime:0.000193s ]
INFO: Run Behavior\ParseTemplate [ RunTime:0.006120s ]
INFO: [ view_parse ] --END-- [ RunTime:0.006234s ]
INFO: [ view_filter ] --START--
INFO: Run Behavior\WriteHtmlCache [ RunTime:0.000279s ]
INFO: [ view_filter ] --END-- [ RunTime:0.000379s ]

[ 2014-02-21T09:54:01+08:00 ] 127.0.0.1 /myproject/index.php/Admin/Category/index.html
NOTIC: [2] array_merge(): Argument #2 is not an array D:\wamp\www\myproject\ThinkPHP\Library\Think\Hook.class.php 第 55 行.
INFO: [ app_begin ] --START--
INFO: Run Behavior\ReadHtmlCache [ RunTime:0.001241s ]
INFO: [ app_begin ] --END-- [ RunTime:0.001406s ]
SQL: SHOW COLUMNS FROM `menu` [ RunTime:0.003556s ]
SQL: SELECT * FROM `menu` WHERE ( `pid` = 0 )  [ RunTime:0.000468s ]
SQL: SELECT * FROM `menu` WHERE ( `url` LIKE '%Category/index%' ) LIMIT 1   [ RunTime:0.000244s ]
NOTIC: [8] Undefined variable: child_list D:\wamp\www\myproject\Application\Admin\Controller\CommonController.class.php 第 37 行.
INFO: [ view_parse ] --START--
INFO: [ template_filter ] --START--
INFO: Run Behavior\ContentReplace [ RunTime:0.000308s ]
INFO: [ template_filter ] --END-- [ RunTime:0.000534s ]
INFO: Run Behavior\ParseTemplate [ RunTime:0.010463s ]
INFO: [ view_parse ] --END-- [ RunTime:0.010579s ]
INFO: [ view_filter ] --START--
INFO: Run Behavior\WriteHtmlCache [ RunTime:0.000350s ]
INFO: [ view_filter ] --END-- [ RunTime:0.000444s ]
INFO: [ app_end ] --START--
INFO: Run Behavior\ShowPageTrace [ RunTime:0.000633s ]
INFO: [ app_end ] --END-- [ RunTime:0.000723s ]

[ 2014-02-21T09:56:02+08:00 ] 127.0.0.1 /myproject/index.php/Admin/Category/index.html
NOTIC: [2] array_merge(): Argument #2 is not an array D:\wamp\www\myproject\ThinkPHP\Library\Think\Hook.class.php 第 55 行.
INFO: [ app_begin ] --START--
INFO: Run Behavior\ReadHtmlCache [ RunTime:0.001397s ]
INFO: [ app_begin ] --END-- [ RunTime:0.001600s ]
SQL: SHOW COLUMNS FROM `menu` [ RunTime:0.003363s ]
SQL: SELECT * FROM `menu` WHERE ( `pid` = 0 )  [ RunTime:0.000324s ]
SQL: SELECT * FROM `menu` WHERE ( `url` LIKE '%Category/index%' ) LIMIT 1   [ RunTime:0.000255s ]
NOTIC: [8] Undefined variable: child_list D:\wamp\www\myproject\Application\Admin\Controller\CommonController.class.php 第 37 行.
INFO: [ view_parse ] --START--
INFO: [ template_filter ] --START--
INFO: Run Behavior\ContentReplace [ RunTime:0.000247s ]
INFO: [ template_filter ] --END-- [ RunTime:0.000380s ]
INFO: Run Behavior\ParseTemplate [ RunTime:0.011892s ]
INFO: [ view_parse ] --END-- [ RunTime:0.012095s ]
INFO: [ view_filter ] --START--
INFO: Run Behavior\WriteHtmlCache [ RunTime:0.000492s ]
INFO: [ view_filter ] --END-- [ RunTime:0.000600s ]
INFO: [ app_end ] --START--
INFO: Run Behavior\ShowPageTrace [ RunTime:0.000781s ]
INFO: [ app_end ] --END-- [ RunTime:0.000889s ]

[ 2014-02-21T13:17:58+08:00 ] 127.0.0.1 /myproject/index.php/Admin/Category/index.html
NOTIC: [2] array_merge(): Argument #2 is not an array D:\wamp\www\myproject\ThinkPHP\Library\Think\Hook.class.php 第 55 行.
INFO: [ app_begin ] --START--
INFO: Run Behavior\ReadHtmlCache [ RunTime:0.001090s ]
INFO: [ app_begin ] --END-- [ RunTime:0.001230s ]
SQL: SHOW COLUMNS FROM `menu` [ RunTime:0.043680s ]
SQL: SELECT * FROM `menu` WHERE ( `pid` = 0 )  [ RunTime:0.020255s ]
SQL: SELECT * FROM `menu` WHERE ( `url` LIKE '%Category/index%' ) LIMIT 1   [ RunTime:0.000436s ]
NOTIC: [8] Undefined variable: child_list D:\wamp\www\myproject\Application\Admin\Controller\CommonController.class.php 第 37 行.
INFO: [ view_parse ] --START--
INFO: [ template_filter ] --START--
INFO: Run Behavior\ContentReplace [ RunTime:0.000402s ]
INFO: [ template_filter ] --END-- [ RunTime:0.000609s ]
INFO: Run Behavior\ParseTemplate [ RunTime:0.048729s ]
INFO: [ view_parse ] --END-- [ RunTime:0.048930s ]
INFO: [ view_filter ] --START--
INFO: Run Behavior\WriteHtmlCache [ RunTime:0.001147s ]
INFO: [ view_filter ] --END-- [ RunTime:0.001325s ]
INFO: [ app_end ] --START--
INFO: Run Behavior\ShowPageTrace [ RunTime:0.001670s ]
INFO: [ app_end ] --END-- [ RunTime:0.001853s ]

[ 2014-02-21T13:28:40+08:00 ] 127.0.0.1 /myproject/index.php/Admin/Category/index.html
NOTIC: [2] array_merge(): Argument #2 is not an array D:\wamp\www\myproject\ThinkPHP\Library\Think\Hook.class.php 第 55 行.
INFO: [ app_begin ] --START--
INFO: Run Behavior\ReadHtmlCache [ RunTime:0.001841s ]
INFO: [ app_begin ] --END-- [ RunTime:0.002080s ]
SQL: SHOW COLUMNS FROM `menu` [ RunTime:0.018758s ]
SQL: SELECT * FROM `menu` WHERE ( `pid` = 0 )  [ RunTime:0.000412s ]
SQL: SELECT * FROM `menu` WHERE ( `url` LIKE '%Category/index%' ) LIMIT 1   [ RunTime:0.000340s ]
NOTIC: [8] Undefined variable: child_list D:\wamp\www\myproject\Application\Admin\Controller\CommonController.class.php 第 37 行.
INFO: [ view_parse ] --START--
INFO: [ template_filter ] --START--
INFO: Run Behavior\ContentReplace [ RunTime:0.000378s ]
INFO: [ template_filter ] --END-- [ RunTime:0.000563s ]
INFO: Run Behavior\ParseTemplate [ RunTime:0.017812s ]
INFO: [ view_parse ] --END-- [ RunTime:0.018001s ]
INFO: [ view_filter ] --START--
INFO: Run Behavior\WriteHtmlCache [ RunTime:0.000878s ]
INFO: [ view_filter ] --END-- [ RunTime:0.001045s ]
INFO: [ app_end ] --START--
INFO: Run Behavior\ShowPageTrace [ RunTime:0.001301s ]
INFO: [ app_end ] --END-- [ RunTime:0.001471s ]

[ 2014-02-21T13:28:44+08:00 ] 127.0.0.1 /myproject/index.php/Admin/Category/gallery.html
NOTIC: [2] array_merge(): Argument #2 is not an array D:\wamp\www\myproject\ThinkPHP\Library\Think\Hook.class.php 第 55 行.
INFO: [ app_begin ] --START--
INFO: Run Behavior\ReadHtmlCache [ RunTime:0.000889s ]
INFO: [ app_begin ] --END-- [ RunTime:0.001037s ]
SQL: SHOW COLUMNS FROM `menu` [ RunTime:0.004287s ]
SQL: SELECT * FROM `menu` WHERE ( `pid` = 0 )  [ RunTime:0.000345s ]
SQL: SELECT * FROM `menu` WHERE ( `url` LIKE '%Category/gallery%' ) LIMIT 1   [ RunTime:0.000247s ]
INFO: [ view_parse ] --START--
INFO: [ template_filter ] --START--
INFO: Run Behavior\ContentReplace [ RunTime:0.000091s ]
INFO: [ template_filter ] --END-- [ RunTime:0.000228s ]
INFO: Run Behavior\ParseTemplate [ RunTime:0.022359s ]
INFO: [ view_parse ] --END-- [ RunTime:0.022492s ]
INFO: [ view_filter ] --START--
INFO: Run Behavior\WriteHtmlCache [ RunTime:0.000584s ]
INFO: [ view_filter ] --END-- [ RunTime:0.000704s ]

[ 2014-02-21T13:33:53+08:00 ] 127.0.0.1 /myproject/index.php/Admin/Category/index.html
NOTIC: [2] array_merge(): Argument #2 is not an array D:\wamp\www\myproject\ThinkPHP\Library\Think\Hook.class.php 第 55 行.
INFO: [ app_begin ] --START--
INFO: Run Behavior\ReadHtmlCache [ RunTime:0.000708s ]
INFO: [ app_begin ] --END-- [ RunTime:0.000817s ]
SQL: SHOW COLUMNS FROM `menu` [ RunTime:0.006235s ]
SQL: SELECT * FROM `menu` WHERE ( `pid` = 0 )  [ RunTime:0.000385s ]
SQL: SELECT * FROM `menu` WHERE ( `url` LIKE '%Category/index%' ) LIMIT 1   [ RunTime:0.001055s ]
NOTIC: [8] Undefined variable: child_list D:\wamp\www\myproject\Application\Admin\Controller\CommonController.class.php 第 37 行.
INFO: [ view_parse ] --START--
INFO: [ template_filter ] --START--
INFO: Run Behavior\ContentReplace [ RunTime:0.000226s ]
INFO: [ template_filter ] --END-- [ RunTime:0.000329s ]
INFO: Run Behavior\ParseTemplate [ RunTime:0.010044s ]
INFO: [ view_parse ] --END-- [ RunTime:0.010147s ]
INFO: [ view_filter ] --START--
INFO: Run Behavior\WriteHtmlCache [ RunTime:0.000410s ]
INFO: [ view_filter ] --END-- [ RunTime:0.000499s ]
INFO: [ app_end ] --START--
INFO: Run Behavior\ShowPageTrace [ RunTime:0.000678s ]
INFO: [ app_end ] --END-- [ RunTime:0.000770s ]

[ 2014-02-21T13:36:57+08:00 ] 127.0.0.1 /myproject/index.php/Admin/Category/gallery.html
NOTIC: [2] array_merge(): Argument #2 is not an array D:\wamp\www\myproject\ThinkPHP\Library\Think\Hook.class.php 第 55 行.
INFO: [ app_begin ] --START--
INFO: Run Behavior\ReadHtmlCache [ RunTime:0.000583s ]
INFO: [ app_begin ] --END-- [ RunTime:0.000688s ]
SQL: SHOW COLUMNS FROM `menu` [ RunTime:0.003627s ]
SQL: SELECT * FROM `menu` WHERE ( `pid` = 0 )  [ RunTime:0.000261s ]
SQL: SELECT * FROM `menu` WHERE ( `url` LIKE '%Category/gallery%' ) LIMIT 1   [ RunTime:0.000186s ]
INFO: [ view_parse ] --START--
INFO: [ template_filter ] --START--
INFO: Run Behavior\ContentReplace [ RunTime:0.000074s ]
INFO: [ template_filter ] --END-- [ RunTime:0.000192s ]
INFO: Run Behavior\ParseTemplate [ RunTime:0.006617s ]
INFO: [ view_parse ] --END-- [ RunTime:0.006729s ]
INFO: [ view_filter ] --START--
INFO: Run Behavior\WriteHtmlCache [ RunTime:0.000309s ]
INFO: [ view_filter ] --END-- [ RunTime:0.000405s ]

[ 2014-02-21T13:49:59+08:00 ] 127.0.0.1 /myproject/index.php/Admin/Category/index.html
NOTIC: [2] array_merge(): Argument #2 is not an array D:\wamp\www\myproject\ThinkPHP\Library\Think\Hook.class.php 第 55 行.
INFO: [ app_begin ] --START--
INFO: Run Behavior\ReadHtmlCache [ RunTime:0.000633s ]
INFO: [ app_begin ] --END-- [ RunTime:0.000742s ]
SQL: SHOW COLUMNS FROM `menu` [ RunTime:0.004068s ]
SQL: SELECT * FROM `menu` WHERE ( `pid` = 0 )  [ RunTime:0.000320s ]
SQL: SELECT * FROM `menu` WHERE ( `url` LIKE '%Category/index%' ) LIMIT 1   [ RunTime:0.000218s ]
NOTIC: [8] Undefined variable: child_list D:\wamp\www\myproject\Application\Admin\Controller\CommonController.class.php 第 37 行.
INFO: [ view_parse ] --START--
INFO: [ template_filter ] --START--
INFO: Run Behavior\ContentReplace [ RunTime:0.000261s ]
INFO: [ template_filter ] --END-- [ RunTime:0.000395s ]
INFO: Run Behavior\ParseTemplate [ RunTime:0.011001s ]
INFO: [ view_parse ] --END-- [ RunTime:0.011106s ]
INFO: [ view_filter ] --START--
INFO: Run Behavior\WriteHtmlCache [ RunTime:0.000350s ]
INFO: [ view_filter ] --END-- [ RunTime:0.000443s ]
INFO: [ app_end ] --START--
INFO: Run Behavior\ShowPageTrace [ RunTime:0.000647s ]
INFO: [ app_end ] --END-- [ RunTime:0.000740s ]

[ 2014-02-21T13:49:59+08:00 ] 127.0.0.1 /myproject/index.php/Admin/Category/assets/js/jquery-2.1.0.min.js
NOTIC: [2] array_merge(): Argument #2 is not an array D:\wamp\www\myproject\ThinkPHP\Library\Think\Hook.class.php 第 55 行.
INFO: [ app_begin ] --START--
INFO: Run Behavior\ReadHtmlCache [ RunTime:0.000535s ]
INFO: [ app_begin ] --END-- [ RunTime:0.000647s ]
SQL: SHOW COLUMNS FROM `menu` [ RunTime:0.003812s ]
SQL: SELECT * FROM `menu` WHERE ( `pid` = 0 )  [ RunTime:0.000265s ]
SQL: SELECT * FROM `menu` WHERE ( `url` LIKE '%Category/assets%' ) LIMIT 1   [ RunTime:0.000200s ]
INFO: [ view_parse ] --START--
INFO: [ template_filter ] --START--
INFO: Run Behavior\ContentReplace [ RunTime:0.000092s ]
INFO: [ template_filter ] --END-- [ RunTime:0.000234s ]
INFO: Run Behavior\ParseTemplate [ RunTime:0.012463s ]
INFO: [ view_parse ] --END-- [ RunTime:0.012609s ]
INFO: [ view_filter ] --START--
INFO: Run Behavior\WriteHtmlCache [ RunTime:0.000264s ]
INFO: [ view_filter ] --END-- [ RunTime:0.000385s ]

[ 2014-02-21T13:49:59+08:00 ] 127.0.0.1 /myproject/index.php/Admin/Category/assets/js/jquery-2.1.0.min.js
NOTIC: [2] array_merge(): Argument #2 is not an array D:\wamp\www\myproject\ThinkPHP\Library\Think\Hook.class.php 第 55 行.
INFO: [ app_begin ] --START--
INFO: Run Behavior\ReadHtmlCache [ RunTime:0.000670s ]
INFO: [ app_begin ] --END-- [ RunTime:0.000792s ]
SQL: SHOW COLUMNS FROM `menu` [ RunTime:0.003715s ]
SQL: SELECT * FROM `menu` WHERE ( `pid` = 0 )  [ RunTime:0.000840s ]
SQL: SELECT * FROM `menu` WHERE ( `url` LIKE '%Category/assets%' ) LIMIT 1   [ RunTime:0.000262s ]
INFO: [ view_parse ] --START--
INFO: [ template_filter ] --START--
INFO: Run Behavior\ContentReplace [ RunTime:0.000081s ]
INFO: [ template_filter ] --END-- [ RunTime:0.000202s ]
INFO: Run Behavior\ParseTemplate [ RunTime:0.008526s ]
INFO: [ view_parse ] --END-- [ RunTime:0.008637s ]
INFO: [ view_filter ] --START--
INFO: Run Behavior\WriteHtmlCache [ RunTime:0.000363s ]
INFO: [ view_filter ] --END-- [ RunTime:0.000459s ]

[ 2014-02-21T13:50:05+08:00 ] 127.0.0.1 /myproject/index.php/Admin/Category/gallery.html
NOTIC: [2] array_merge(): Argument #2 is not an array D:\wamp\www\myproject\ThinkPHP\Library\Think\Hook.class.php 第 55 行.
INFO: [ app_begin ] --START--
INFO: Run Behavior\ReadHtmlCache [ RunTime:0.000814s ]
INFO: [ app_begin ] --END-- [ RunTime:0.000932s ]
SQL: SHOW COLUMNS FROM `menu` [ RunTime:0.003441s ]
SQL: SELECT * FROM `menu` WHERE ( `pid` = 0 )  [ RunTime:0.000258s ]
SQL: SELECT * FROM `menu` WHERE ( `url` LIKE '%Category/gallery%' ) LIMIT 1   [ RunTime:0.000209s ]
INFO: [ view_parse ] --START--
INFO: [ template_filter ] --START--
INFO: Run Behavior\ContentReplace [ RunTime:0.000076s ]
INFO: [ template_filter ] --END-- [ RunTime:0.000181s ]
INFO: Run Behavior\ParseTemplate [ RunTime:0.007086s ]
INFO: [ view_parse ] --END-- [ RunTime:0.007193s ]
INFO: [ view_filter ] --START--
INFO: Run Behavior\WriteHtmlCache [ RunTime:0.000429s ]
INFO: [ view_filter ] --END-- [ RunTime:0.000521s ]

[ 2014-02-21T13:51:20+08:00 ] 127.0.0.1 /myproject/index.php/Admin/Category/index.html
NOTIC: [2] array_merge(): Argument #2 is not an array D:\wamp\www\myproject\ThinkPHP\Library\Think\Hook.class.php 第 55 行.
INFO: [ app_begin ] --START--
INFO: Run Behavior\ReadHtmlCache [ RunTime:0.000800s ]
INFO: [ app_begin ] --END-- [ RunTime:0.000916s ]
SQL: SHOW COLUMNS FROM `menu` [ RunTime:0.003825s ]
SQL: SELECT * FROM `menu` WHERE ( `pid` = 0 )  [ RunTime:0.000258s ]
SQL: SELECT * FROM `menu` WHERE ( `url` LIKE '%Category/index%' ) LIMIT 1   [ RunTime:0.000184s ]
NOTIC: [8] Undefined variable: child_list D:\wamp\www\myproject\Application\Admin\Controller\CommonController.class.php 第 37 行.
INFO: [ view_parse ] --START--
INFO: [ template_filter ] --START--
INFO: Run Behavior\ContentReplace [ RunTime:0.000245s ]
INFO: [ template_filter ] --END-- [ RunTime:0.000364s ]
INFO: Run Behavior\ParseTemplate [ RunTime:0.011513s ]
INFO: [ view_parse ] --END-- [ RunTime:0.011615s ]
INFO: [ view_filter ] --START--
INFO: Run Behavior\WriteHtmlCache [ RunTime:0.000426s ]
INFO: [ view_filter ] --END-- [ RunTime:0.000521s ]
INFO: [ app_end ] --START--
INFO: Run Behavior\ShowPageTrace [ RunTime:0.000678s ]
INFO: [ app_end ] --END-- [ RunTime:0.000769s ]

[ 2014-02-21T13:51:20+08:00 ] 127.0.0.1 /myproject/index.php/Admin/Category/assets/js/jquery-2.1.0.min.js
NOTIC: [2] array_merge(): Argument #2 is not an array D:\wamp\www\myproject\ThinkPHP\Library\Think\Hook.class.php 第 55 行.
INFO: [ app_begin ] --START--
INFO: Run Behavior\ReadHtmlCache [ RunTime:0.000681s ]
INFO: [ app_begin ] --END-- [ RunTime:0.000786s ]
SQL: SHOW COLUMNS FROM `menu` [ RunTime:0.008546s ]
SQL: SELECT * FROM `menu` WHERE ( `pid` = 0 )  [ RunTime:0.000312s ]
SQL: SELECT * FROM `menu` WHERE ( `url` LIKE '%Category/assets%' ) LIMIT 1   [ RunTime:0.000205s ]
INFO: [ view_parse ] --START--
INFO: [ template_filter ] --START--
INFO: Run Behavior\ContentReplace [ RunTime:0.000080s ]
INFO: [ template_filter ] --END-- [ RunTime:0.000200s ]
INFO: Run Behavior\ParseTemplate [ RunTime:0.011049s ]
INFO: [ view_parse ] --END-- [ RunTime:0.011167s ]
INFO: [ view_filter ] --START--
INFO: Run Behavior\WriteHtmlCache [ RunTime:0.000418s ]
INFO: [ view_filter ] --END-- [ RunTime:0.000514s ]

[ 2014-02-21T13:51:21+08:00 ] 127.0.0.1 /myproject/index.php/Admin/Category/assets/js/jquery-2.1.0.min.js
NOTIC: [2] array_merge(): Argument #2 is not an array D:\wamp\www\myproject\ThinkPHP\Library\Think\Hook.class.php 第 55 行.
INFO: [ app_begin ] --START--
INFO: Run Behavior\ReadHtmlCache [ RunTime:0.001165s ]
INFO: [ app_begin ] --END-- [ RunTime:0.001316s ]
SQL: SHOW COLUMNS FROM `menu` [ RunTime:0.004783s ]
SQL: SELECT * FROM `menu` WHERE ( `pid` = 0 )  [ RunTime:0.000306s ]
SQL: SELECT * FROM `menu` WHERE ( `url` LIKE '%Category/assets%' ) LIMIT 1   [ RunTime:0.000184s ]
INFO: [ view_parse ] --START--
INFO: [ template_filter ] --START--
INFO: Run Behavior\ContentReplace [ RunTime:0.000074s ]
INFO: [ template_filter ] --END-- [ RunTime:0.000181s ]
INFO: Run Behavior\ParseTemplate [ RunTime:0.007020s ]
INFO: [ view_parse ] --END-- [ RunTime:0.007143s ]
INFO: [ view_filter ] --START--
INFO: Run Behavior\WriteHtmlCache [ RunTime:0.000412s ]
INFO: [ view_filter ] --END-- [ RunTime:0.000504s ]

[ 2014-02-21T13:53:09+08:00 ] 127.0.0.1 /myproject/index.php/Admin/Category/index.html
NOTIC: [2] array_merge(): Argument #2 is not an array D:\wamp\www\myproject\ThinkPHP\Library\Think\Hook.class.php 第 55 行.
INFO: [ app_begin ] --START--
INFO: Run Behavior\ReadHtmlCache [ RunTime:0.000694s ]
INFO: [ app_begin ] --END-- [ RunTime:0.000795s ]
SQL: SHOW COLUMNS FROM `menu` [ RunTime:0.003672s ]
SQL: SELECT * FROM `menu` WHERE ( `pid` = 0 )  [ RunTime:0.000310s ]
SQL: SELECT * FROM `menu` WHERE ( `url` LIKE '%Category/index%' ) LIMIT 1   [ RunTime:0.000215s ]
NOTIC: [8] Undefined variable: child_list D:\wamp\www\myproject\Application\Admin\Controller\CommonController.class.php 第 37 行.
INFO: [ view_parse ] --START--
INFO: [ template_filter ] --START--
INFO: Run Behavior\ContentReplace [ RunTime:0.000259s ]
INFO: [ template_filter ] --END-- [ RunTime:0.000385s ]
INFO: Run Behavior\ParseTemplate [ RunTime:0.012044s ]
INFO: [ view_parse ] --END-- [ RunTime:0.012145s ]
INFO: [ view_filter ] --START--
INFO: Run Behavior\WriteHtmlCache [ RunTime:0.000457s ]
INFO: [ view_filter ] --END-- [ RunTime:0.000544s ]
INFO: [ app_end ] --START--
INFO: Run Behavior\ShowPageTrace [ RunTime:0.000746s ]
INFO: [ app_end ] --END-- [ RunTime:0.000837s ]

[ 2014-02-21T13:53:09+08:00 ] 127.0.0.1 /myproject/index.php/Admin/Category/assets/js/jquery-2.1.0.min.js
NOTIC: [2] array_merge(): Argument #2 is not an array D:\wamp\www\myproject\ThinkPHP\Library\Think\Hook.class.php 第 55 行.
INFO: [ app_begin ] --START--
INFO: Run Behavior\ReadHtmlCache [ RunTime:0.000619s ]
INFO: [ app_begin ] --END-- [ RunTime:0.000733s ]
SQL: SHOW COLUMNS FROM `menu` [ RunTime:0.003646s ]
SQL: SELECT * FROM `menu` WHERE ( `pid` = 0 )  [ RunTime:0.000395s ]
SQL: SELECT * FROM `menu` WHERE ( `url` LIKE '%Category/assets%' ) LIMIT 1   [ RunTime:0.000231s ]
INFO: [ view_parse ] --START--
INFO: [ template_filter ] --START--
INFO: Run Behavior\ContentReplace [ RunTime:0.000080s ]
INFO: [ template_filter ] --END-- [ RunTime:0.000200s ]
INFO: Run Behavior\ParseTemplate [ RunTime:0.006837s ]
INFO: [ view_parse ] --END-- [ RunTime:0.006958s ]
INFO: [ view_filter ] --START--
INFO: Run Behavior\WriteHtmlCache [ RunTime:0.000359s ]
INFO: [ view_filter ] --END-- [ RunTime:0.000456s ]

[ 2014-02-21T13:53:10+08:00 ] 127.0.0.1 /myproject/index.php/Admin/Category/assets/js/jquery-2.1.0.min.js
NOTIC: [2] array_merge(): Argument #2 is not an array D:\wamp\www\myproject\ThinkPHP\Library\Think\Hook.class.php 第 55 行.
INFO: [ app_begin ] --START--
INFO: Run Behavior\ReadHtmlCache [ RunTime:0.000697s ]
INFO: [ app_begin ] --END-- [ RunTime:0.000801s ]
SQL: SHOW COLUMNS FROM `menu` [ RunTime:0.003643s ]
SQL: SELECT * FROM `menu` WHERE ( `pid` = 0 )  [ RunTime:0.000240s ]
SQL: SELECT * FROM `menu` WHERE ( `url` LIKE '%Category/assets%' ) LIMIT 1   [ RunTime:0.000181s ]
INFO: [ view_parse ] --START--
INFO: [ template_filter ] --START--
INFO: Run Behavior\ContentReplace [ RunTime:0.000078s ]
INFO: [ template_filter ] --END-- [ RunTime:0.000199s ]
INFO: Run Behavior\ParseTemplate [ RunTime:0.007905s ]
INFO: [ view_parse ] --END-- [ RunTime:0.008019s ]
INFO: [ view_filter ] --START--
INFO: Run Behavior\WriteHtmlCache [ RunTime:0.000501s ]
INFO: [ view_filter ] --END-- [ RunTime:0.000605s ]

[ 2014-02-21T13:53:11+08:00 ] 127.0.0.1 /myproject/index.php/Admin/Category/gallery.html
NOTIC: [2] array_merge(): Argument #2 is not an array D:\wamp\www\myproject\ThinkPHP\Library\Think\Hook.class.php 第 55 行.
INFO: [ app_begin ] --START--
INFO: Run Behavior\ReadHtmlCache [ RunTime:0.000812s ]
INFO: [ app_begin ] --END-- [ RunTime:0.000930s ]
SQL: SHOW COLUMNS FROM `menu` [ RunTime:0.003696s ]
SQL: SELECT * FROM `menu` WHERE ( `pid` = 0 )  [ RunTime:0.000243s ]
SQL: SELECT * FROM `menu` WHERE ( `url` LIKE '%Category/gallery%' ) LIMIT 1   [ RunTime:0.000206s ]
INFO: [ view_parse ] --START--
INFO: [ template_filter ] --START--
INFO: Run Behavior\ContentReplace [ RunTime:0.000138s ]
INFO: [ template_filter ] --END-- [ RunTime:0.000342s ]
INFO: Run Behavior\ParseTemplate [ RunTime:0.007656s ]
INFO: [ view_parse ] --END-- [ RunTime:0.007770s ]
INFO: [ view_filter ] --START--
INFO: Run Behavior\WriteHtmlCache [ RunTime:0.000466s ]
INFO: [ view_filter ] --END-- [ RunTime:0.000562s ]

[ 2014-02-21T13:53:48+08:00 ] 127.0.0.1 /myproject/index.php/Admin/Category/index.html
NOTIC: [2] array_merge(): Argument #2 is not an array D:\wamp\www\myproject\ThinkPHP\Library\Think\Hook.class.php 第 55 行.
INFO: [ app_begin ] --START--
INFO: Run Behavior\ReadHtmlCache [ RunTime:0.001106s ]
INFO: [ app_begin ] --END-- [ RunTime:0.001331s ]
SQL: SHOW COLUMNS FROM `menu` [ RunTime:0.003618s ]
SQL: SELECT * FROM `menu` WHERE ( `pid` = 0 )  [ RunTime:0.000275s ]
SQL: SELECT * FROM `menu` WHERE ( `url` LIKE '%Category/index%' ) LIMIT 1   [ RunTime:0.000216s ]
NOTIC: [8] Undefined variable: child_list D:\wamp\www\myproject\Application\Admin\Controller\CommonController.class.php 第 37 行.
INFO: [ view_parse ] --START--
INFO: [ template_filter ] --START--
INFO: Run Behavior\ContentReplace [ RunTime:0.000302s ]
INFO: [ template_filter ] --END-- [ RunTime:0.000502s ]
INFO: Run Behavior\ParseTemplate [ RunTime:0.011196s ]
INFO: [ view_parse ] --END-- [ RunTime:0.011319s ]
INFO: [ view_filter ] --START--
INFO: Run Behavior\WriteHtmlCache [ RunTime:0.000459s ]
INFO: [ view_filter ] --END-- [ RunTime:0.000549s ]
INFO: [ app_end ] --START--
INFO: Run Behavior\ShowPageTrace [ RunTime:0.000688s ]
INFO: [ app_end ] --END-- [ RunTime:0.000779s ]

[ 2014-02-21T13:54:11+08:00 ] 127.0.0.1 /myproject/index.php/Admin/Category/index.html
NOTIC: [2] array_merge(): Argument #2 is not an array D:\wamp\www\myproject\ThinkPHP\Library\Think\Hook.class.php 第 55 行.
INFO: [ app_begin ] --START--
INFO: Run Behavior\ReadHtmlCache [ RunTime:0.000777s ]
INFO: [ app_begin ] --END-- [ RunTime:0.000886s ]
SQL: SHOW COLUMNS FROM `menu` [ RunTime:0.003733s ]
SQL: SELECT * FROM `menu` WHERE ( `pid` = 0 )  [ RunTime:0.000256s ]
SQL: SELECT * FROM `menu` WHERE ( `url` LIKE '%Category/index%' ) LIMIT 1   [ RunTime:0.000196s ]
NOTIC: [8] Undefined variable: child_list D:\wamp\www\myproject\Application\Admin\Controller\CommonController.class.php 第 37 行.
INFO: [ view_parse ] --START--
INFO: [ template_filter ] --START--
INFO: Run Behavior\ContentReplace [ RunTime:0.000245s ]
INFO: [ template_filter ] --END-- [ RunTime:0.000363s ]
INFO: Run Behavior\ParseTemplate [ RunTime:0.011072s ]
INFO: [ view_parse ] --END-- [ RunTime:0.011174s ]
INFO: [ view_filter ] --START--
INFO: Run Behavior\WriteHtmlCache [ RunTime:0.000424s ]
INFO: [ view_filter ] --END-- [ RunTime:0.000513s ]
INFO: [ app_end ] --START--
INFO: Run Behavior\ShowPageTrace [ RunTime:0.000672s ]
INFO: [ app_end ] --END-- [ RunTime:0.000761s ]

[ 2014-02-21T13:54:48+08:00 ] 127.0.0.1 /myproject/index.php/Admin/Category/index.html
NOTIC: [2] array_merge(): Argument #2 is not an array D:\wamp\www\myproject\ThinkPHP\Library\Think\Hook.class.php 第 55 行.
INFO: [ app_begin ] --START--
INFO: Run Behavior\ReadHtmlCache [ RunTime:0.000817s ]
INFO: [ app_begin ] --END-- [ RunTime:0.000932s ]
SQL: SHOW COLUMNS FROM `menu` [ RunTime:0.004330s ]
SQL: SELECT * FROM `menu` WHERE ( `pid` = 0 )  [ RunTime:0.000329s ]
SQL: SELECT * FROM `menu` WHERE ( `url` LIKE '%Category/index%' ) LIMIT 1   [ RunTime:0.000271s ]
NOTIC: [8] Undefined variable: child_list D:\wamp\www\myproject\Application\Admin\Controller\CommonController.class.php 第 37 行.
INFO: [ view_parse ] --START--
INFO: [ template_filter ] --START--
INFO: Run Behavior\ContentReplace [ RunTime:0.000288s ]
INFO: [ template_filter ] --END-- [ RunTime:0.000426s ]
INFO: Run Behavior\ParseTemplate [ RunTime:0.013037s ]
INFO: [ view_parse ] --END-- [ RunTime:0.013157s ]
INFO: [ view_filter ] --START--
INFO: Run Behavior\WriteHtmlCache [ RunTime:0.000498s ]
INFO: [ view_filter ] --END-- [ RunTime:0.000605s ]
INFO: [ app_end ] --START--
INFO: Run Behavior\ShowPageTrace [ RunTime:0.000797s ]
INFO: [ app_end ] --END-- [ RunTime:0.000910s ]

[ 2014-02-21T14:44:25+08:00 ] 127.0.0.1 /myproject/index.php/Admin/Category/index.html
NOTIC: [2] array_merge(): Argument #2 is not an array D:\wamp\www\myproject\ThinkPHP\Library\Think\Hook.class.php 第 55 行.
INFO: [ app_begin ] --START--
INFO: Run Behavior\ReadHtmlCache [ RunTime:0.000783s ]
INFO: [ app_begin ] --END-- [ RunTime:0.000895s ]
SQL: SHOW COLUMNS FROM `menu` [ RunTime:0.018669s ]
SQL: SELECT * FROM `menu` WHERE ( `pid` = 0 )  [ RunTime:0.000461s ]
SQL: SELECT * FROM `menu` WHERE ( `url` LIKE '%Category/index%' ) LIMIT 1   [ RunTime:0.000274s ]
NOTIC: [8] Undefined variable: child_list D:\wamp\www\myproject\Application\Admin\Controller\CommonController.class.php 第 37 行.
INFO: [ view_parse ] --START--
INFO: [ template_filter ] --START--
INFO: Run Behavior\ContentReplace [ RunTime:0.000326s ]
INFO: [ template_filter ] --END-- [ RunTime:0.000469s ]
INFO: Run Behavior\ParseTemplate [ RunTime:0.013723s ]
INFO: [ view_parse ] --END-- [ RunTime:0.013852s ]
INFO: [ view_filter ] --START--
INFO: Run Behavior\WriteHtmlCache [ RunTime:0.000984s ]
INFO: [ view_filter ] --END-- [ RunTime:0.001217s ]
INFO: [ app_end ] --START--
INFO: Run Behavior\ShowPageTrace [ RunTime:0.000910s ]
INFO: [ app_end ] --END-- [ RunTime:0.001025s ]

[ 2014-02-21T14:44:58+08:00 ] 127.0.0.1 /myproject/index.php/Admin/Category/index.html
NOTIC: [2] array_merge(): Argument #2 is not an array D:\wamp\www\myproject\ThinkPHP\Library\Think\Hook.class.php 第 55 行.
INFO: [ app_begin ] --START--
INFO: Run Behavior\ReadHtmlCache [ RunTime:0.001104s ]
INFO: [ app_begin ] --END-- [ RunTime:0.001284s ]
SQL: SHOW COLUMNS FROM `menu` [ RunTime:0.004114s ]
SQL: SELECT * FROM `menu` WHERE ( `pid` = 0 )  [ RunTime:0.001013s ]
SQL: SELECT * FROM `menu` WHERE ( `url` LIKE '%Category/index%' ) LIMIT 1   [ RunTime:0.000232s ]
NOTIC: [8] Undefined variable: child_list D:\wamp\www\myproject\Application\Admin\Controller\CommonController.class.php 第 37 行.
INFO: [ view_parse ] --START--
INFO: [ template_filter ] --START--
INFO: Run Behavior\ContentReplace [ RunTime:0.000260s ]
INFO: [ template_filter ] --END-- [ RunTime:0.000374s ]
INFO: Run Behavior\ParseTemplate [ RunTime:0.010723s ]
INFO: [ view_parse ] --END-- [ RunTime:0.010825s ]
INFO: [ view_filter ] --START--
INFO: Run Behavior\WriteHtmlCache [ RunTime:0.000415s ]
INFO: [ view_filter ] --END-- [ RunTime:0.000514s ]
INFO: [ app_end ] --START--
INFO: Run Behavior\ShowPageTrace [ RunTime:0.000657s ]
INFO: [ app_end ] --END-- [ RunTime:0.000747s ]

[ 2014-02-21T14:52:01+08:00 ] 127.0.0.1 /myproject/index.php/Admin/Category/index.html
NOTIC: [2] array_merge(): Argument #2 is not an array D:\wamp\www\myproject\ThinkPHP\Library\Think\Hook.class.php 第 55 行.
INFO: [ app_begin ] --START--
INFO: Run Behavior\ReadHtmlCache [ RunTime:0.000804s ]
INFO: [ app_begin ] --END-- [ RunTime:0.000920s ]
SQL: SHOW COLUMNS FROM `menu` [ RunTime:0.004985s ]
SQL: SELECT * FROM `menu` WHERE ( `pid` = 0 )  [ RunTime:0.000359s ]
SQL: SELECT * FROM `menu` WHERE ( `url` LIKE '%Category/index%' ) LIMIT 1   [ RunTime:0.000246s ]
NOTIC: [8] Undefined variable: child_list D:\wamp\www\myproject\Application\Admin\Controller\CommonController.class.php 第 37 行.
INFO: [ view_parse ] --START--
INFO: [ template_filter ] --START--
INFO: Run Behavior\ContentReplace [ RunTime:0.000062s ]
INFO: [ template_filter ] --END-- [ RunTime:0.000176s ]
INFO: Run Behavior\ParseTemplate [ RunTime:0.003633s ]
INFO: [ view_parse ] --END-- [ RunTime:0.003746s ]
INFO: [ view_filter ] --START--
INFO: Run Behavior\WriteHtmlCache [ RunTime:0.000497s ]
INFO: [ view_filter ] --END-- [ RunTime:0.000598s ]
INFO: [ app_end ] --START--
INFO: Run Behavior\ShowPageTrace [ RunTime:0.000788s ]
INFO: [ app_end ] --END-- [ RunTime:0.000893s ]

[ 2014-02-21T14:52:22+08:00 ] 127.0.0.1 /myproject/index.php/Admin/Category/index.html
NOTIC: [2] array_merge(): Argument #2 is not an array D:\wamp\www\myproject\ThinkPHP\Library\Think\Hook.class.php 第 55 行.
INFO: [ app_begin ] --START--
INFO: Run Behavior\ReadHtmlCache [ RunTime:0.000739s ]
INFO: [ app_begin ] --END-- [ RunTime:0.000843s ]
SQL: SHOW COLUMNS FROM `menu` [ RunTime:0.003838s ]
SQL: SELECT * FROM `menu` WHERE ( `pid` = 0 )  [ RunTime:0.000273s ]
SQL: SELECT * FROM `menu` WHERE ( `url` LIKE '%Category/index%' ) LIMIT 1   [ RunTime:0.000212s ]
NOTIC: [8] Undefined variable: child_list D:\wamp\www\myproject\Application\Admin\Controller\CommonController.class.php 第 37 行.
INFO: [ view_parse ] --START--
INFO: [ template_filter ] --START--
INFO: Run Behavior\ContentReplace [ RunTime:0.000246s ]
INFO: [ template_filter ] --END-- [ RunTime:0.000396s ]
INFO: Run Behavior\ParseTemplate [ RunTime:0.012900s ]
INFO: [ view_parse ] --END-- [ RunTime:0.013003s ]
INFO: [ view_filter ] --START--
INFO: Run Behavior\WriteHtmlCache [ RunTime:0.000451s ]
INFO: [ view_filter ] --END-- [ RunTime:0.000543s ]
INFO: [ app_end ] --START--
INFO: Run Behavior\ShowPageTrace [ RunTime:0.000688s ]
INFO: [ app_end ] --END-- [ RunTime:0.000781s ]

[ 2014-02-21T14:54:51+08:00 ] 127.0.0.1 /myproject/index.php/Admin/Category/index.html
NOTIC: [2] array_merge(): Argument #2 is not an array D:\wamp\www\myproject\ThinkPHP\Library\Think\Hook.class.php 第 55 行.
INFO: [ app_begin ] --START--
INFO: Run Behavior\ReadHtmlCache [ RunTime:0.000678s ]
INFO: [ app_begin ] --END-- [ RunTime:0.000779s ]
SQL: SHOW COLUMNS FROM `menu` [ RunTime:0.004751s ]
SQL: SELECT * FROM `menu` WHERE ( `pid` = 0 )  [ RunTime:0.000345s ]
SQL: SELECT * FROM `menu` WHERE ( `url` LIKE '%Category/index%' ) LIMIT 1   [ RunTime:0.000236s ]
NOTIC: [8] Undefined variable: child_list D:\wamp\www\myproject\Application\Admin\Controller\CommonController.class.php 第 37 行.
INFO: [ view_parse ] --START--
INFO: [ template_filter ] --START--
INFO: Run Behavior\ContentReplace [ RunTime:0.000262s ]
INFO: [ template_filter ] --END-- [ RunTime:0.000400s ]
INFO: Run Behavior\ParseTemplate [ RunTime:0.012472s ]
INFO: [ view_parse ] --END-- [ RunTime:0.012610s ]
INFO: [ view_filter ] --START--
INFO: Run Behavior\WriteHtmlCache [ RunTime:0.000494s ]
INFO: [ view_filter ] --END-- [ RunTime:0.000596s ]
INFO: [ app_end ] --START--
INFO: Run Behavior\ShowPageTrace [ RunTime:0.000705s ]
INFO: [ app_end ] --END-- [ RunTime:0.000808s ]

[ 2014-02-21T15:00:11+08:00 ] 127.0.0.1 /myproject/index.php/Admin/Category/index.html
NOTIC: [2] array_merge(): Argument #2 is not an array D:\wamp\www\myproject\ThinkPHP\Library\Think\Hook.class.php 第 55 行.
INFO: [ app_begin ] --START--
INFO: Run Behavior\ReadHtmlCache [ RunTime:0.000795s ]
INFO: [ app_begin ] --END-- [ RunTime:0.000922s ]
SQL: SHOW COLUMNS FROM `menu` [ RunTime:0.019081s ]
SQL: SELECT * FROM `menu` WHERE ( `pid` = 0 )  [ RunTime:0.000318s ]
SQL: SELECT * FROM `menu` WHERE ( `url` LIKE '%Category/index%' ) LIMIT 1   [ RunTime:0.000226s ]
NOTIC: [8] Undefined variable: child_list D:\wamp\www\myproject\Application\Admin\Controller\CommonController.class.php 第 37 行.
INFO: [ view_parse ] --START--
INFO: [ template_filter ] --START--
INFO: Run Behavior\ContentReplace [ RunTime:0.000258s ]
INFO: [ template_filter ] --END-- [ RunTime:0.000366s ]
INFO: Run Behavior\ParseTemplate [ RunTime:0.011108s ]
INFO: [ view_parse ] --END-- [ RunTime:0.011216s ]
INFO: [ view_filter ] --START--
INFO: Run Behavior\WriteHtmlCache [ RunTime:0.000393s ]
INFO: [ view_filter ] --END-- [ RunTime:0.000486s ]
INFO: [ app_end ] --START--
INFO: Run Behavior\ShowPageTrace [ RunTime:0.000640s ]
INFO: [ app_end ] --END-- [ RunTime:0.000731s ]

[ 2014-02-21T15:00:47+08:00 ] 127.0.0.1 /myproject/index.php/Admin/Category/index.html
NOTIC: [2] array_merge(): Argument #2 is not an array D:\wamp\www\myproject\ThinkPHP\Library\Think\Hook.class.php 第 55 行.
INFO: [ app_begin ] --START--
INFO: Run Behavior\ReadHtmlCache [ RunTime:0.001134s ]
INFO: [ app_begin ] --END-- [ RunTime:0.001322s ]
SQL: SHOW COLUMNS FROM `menu` [ RunTime:0.003454s ]
SQL: SELECT * FROM `menu` WHERE ( `pid` = 0 )  [ RunTime:0.000231s ]
SQL: SELECT * FROM `menu` WHERE ( `url` LIKE '%Category/index%' ) LIMIT 1   [ RunTime:0.000185s ]
NOTIC: [8] Undefined variable: child_list D:\wamp\www\myproject\Application\Admin\Controller\CommonController.class.php 第 37 行.
INFO: [ view_parse ] --START--
INFO: [ template_filter ] --START--
INFO: Run Behavior\ContentReplace [ RunTime:0.000259s ]
INFO: [ template_filter ] --END-- [ RunTime:0.000380s ]
INFO: Run Behavior\ParseTemplate [ RunTime:0.011974s ]
INFO: [ view_parse ] --END-- [ RunTime:0.012134s ]
INFO: [ view_filter ] --START--
INFO: Run Behavior\WriteHtmlCache [ RunTime:0.000470s ]
INFO: [ view_filter ] --END-- [ RunTime:0.000587s ]
INFO: [ app_end ] --START--
INFO: Run Behavior\ShowPageTrace [ RunTime:0.000706s ]
INFO: [ app_end ] --END-- [ RunTime:0.000817s ]

[ 2014-02-21T15:01:30+08:00 ] 127.0.0.1 /myproject/index.php/Admin/Category/index.html
NOTIC: [2] array_merge(): Argument #2 is not an array D:\wamp\www\myproject\ThinkPHP\Library\Think\Hook.class.php 第 55 行.
INFO: [ app_begin ] --START--
INFO: Run Behavior\ReadHtmlCache [ RunTime:0.001169s ]
INFO: [ app_begin ] --END-- [ RunTime:0.001378s ]
SQL: SHOW COLUMNS FROM `menu` [ RunTime:0.006006s ]
SQL: SELECT * FROM `menu` WHERE ( `pid` = 0 )  [ RunTime:0.000269s ]
SQL: SELECT * FROM `menu` WHERE ( `url` LIKE '%Category/index%' ) LIMIT 1   [ RunTime:0.000190s ]
NOTIC: [8] Undefined variable: child_list D:\wamp\www\myproject\Application\Admin\Controller\CommonController.class.php 第 37 行.
INFO: [ view_parse ] --START--
INFO: [ template_filter ] --START--
INFO: Run Behavior\ContentReplace [ RunTime:0.000268s ]
INFO: [ template_filter ] --END-- [ RunTime:0.000394s ]
INFO: Run Behavior\ParseTemplate [ RunTime:0.011116s ]
INFO: [ view_parse ] --END-- [ RunTime:0.011285s ]
INFO: [ view_filter ] --START--
INFO: Run Behavior\WriteHtmlCache [ RunTime:0.001029s ]
INFO: [ view_filter ] --END-- [ RunTime:0.001185s ]
INFO: [ app_end ] --START--
INFO: Run Behavior\ShowPageTrace [ RunTime:0.000687s ]
INFO: [ app_end ] --END-- [ RunTime:0.000795s ]

[ 2014-02-21T15:03:08+08:00 ] 127.0.0.1 /myproject/index.php/Admin/Category/index.html
NOTIC: [2] array_merge(): Argument #2 is not an array D:\wamp\www\myproject\ThinkPHP\Library\Think\Hook.class.php 第 55 行.
INFO: [ app_begin ] --START--
INFO: Run Behavior\ReadHtmlCache [ RunTime:0.000738s ]
INFO: [ app_begin ] --END-- [ RunTime:0.000864s ]
SQL: SHOW COLUMNS FROM `menu` [ RunTime:0.003732s ]
SQL: SELECT * FROM `menu` WHERE ( `pid` = 0 )  [ RunTime:0.000247s ]
SQL: SELECT * FROM `menu` WHERE ( `url` LIKE '%Category/index%' ) LIMIT 1   [ RunTime:0.000187s ]
NOTIC: [8] Undefined variable: child_list D:\wamp\www\myproject\Application\Admin\Controller\CommonController.class.php 第 37 行.
INFO: [ view_parse ] --START--
INFO: [ template_filter ] --START--
INFO: Run Behavior\ContentReplace [ RunTime:0.000259s ]
INFO: [ template_filter ] --END-- [ RunTime:0.000382s ]
INFO: Run Behavior\ParseTemplate [ RunTime:0.010890s ]
INFO: [ view_parse ] --END-- [ RunTime:0.011075s ]
INFO: [ view_filter ] --START--
INFO: Run Behavior\WriteHtmlCache [ RunTime:0.000505s ]
INFO: [ view_filter ] --END-- [ RunTime:0.000626s ]
INFO: [ app_end ] --START--
INFO: Run Behavior\ShowPageTrace [ RunTime:0.000664s ]
INFO: [ app_end ] --END-- [ RunTime:0.000771s ]

[ 2014-02-21T15:05:07+08:00 ] 127.0.0.1 /myproject/index.php/Admin/Category/index.html
NOTIC: [2] array_merge(): Argument #2 is not an array D:\wamp\www\myproject\ThinkPHP\Library\Think\Hook.class.php 第 55 行.
INFO: [ app_begin ] --START--
INFO: Run Behavior\ReadHtmlCache [ RunTime:0.000800s ]
INFO: [ app_begin ] --END-- [ RunTime:0.000908s ]
SQL: SHOW COLUMNS FROM `menu` [ RunTime:0.003848s ]
SQL: SELECT * FROM `menu` WHERE ( `pid` = 0 )  [ RunTime:0.000958s ]
SQL: SELECT * FROM `menu` WHERE ( `url` LIKE '%Category/index%' ) LIMIT 1   [ RunTime:0.000308s ]
NOTIC: [8] Undefined variable: child_list D:\wamp\www\myproject\Application\Admin\Controller\CommonController.class.php 第 37 行.
INFO: [ view_parse ] --START--
INFO: [ template_filter ] --START--
INFO: Run Behavior\ContentReplace [ RunTime:0.000266s ]
INFO: [ template_filter ] --END-- [ RunTime:0.000403s ]
INFO: Run Behavior\ParseTemplate [ RunTime:0.011528s ]
INFO: [ view_parse ] --END-- [ RunTime:0.011653s ]
INFO: [ view_filter ] --START--
INFO: Run Behavior\WriteHtmlCache [ RunTime:0.000375s ]
INFO: [ view_filter ] --END-- [ RunTime:0.000483s ]
INFO: [ app_end ] --START--
INFO: Run Behavior\ShowPageTrace [ RunTime:0.000634s ]
INFO: [ app_end ] --END-- [ RunTime:0.000737s ]

[ 2014-02-21T15:06:40+08:00 ] 127.0.0.1 /myproject/index.php/Admin/Category/index.html
NOTIC: [2] array_merge(): Argument #2 is not an array D:\wamp\www\myproject\ThinkPHP\Library\Think\Hook.class.php 第 55 行.
INFO: [ app_begin ] --START--
INFO: Run Behavior\ReadHtmlCache [ RunTime:0.001171s ]
INFO: [ app_begin ] --END-- [ RunTime:0.001369s ]
SQL: SHOW COLUMNS FROM `menu` [ RunTime:0.003890s ]
SQL: SELECT * FROM `menu` WHERE ( `pid` = 0 )  [ RunTime:0.000292s ]
SQL: SELECT * FROM `menu` WHERE ( `url` LIKE '%Category/index%' ) LIMIT 1   [ RunTime:0.000248s ]
NOTIC: [8] Undefined variable: child_list D:\wamp\www\myproject\Application\Admin\Controller\CommonController.class.php 第 37 行.
INFO: [ view_parse ] --START--
INFO: [ template_filter ] --START--
INFO: Run Behavior\ContentReplace [ RunTime:0.000270s ]
INFO: [ template_filter ] --END-- [ RunTime:0.000411s ]
INFO: Run Behavior\ParseTemplate [ RunTime:0.011653s ]
INFO: [ view_parse ] --END-- [ RunTime:0.011777s ]
INFO: [ view_filter ] --START--
INFO: Run Behavior\WriteHtmlCache [ RunTime:0.000366s ]
INFO: [ view_filter ] --END-- [ RunTime:0.000475s ]
INFO: [ app_end ] --START--
INFO: Run Behavior\ShowPageTrace [ RunTime:0.000613s ]
INFO: [ app_end ] --END-- [ RunTime:0.000732s ]

[ 2014-02-21T15:07:19+08:00 ] 127.0.0.1 /myproject/index.php/Admin/Category/index.html
NOTIC: [2] array_merge(): Argument #2 is not an array D:\wamp\www\myproject\ThinkPHP\Library\Think\Hook.class.php 第 55 行.
INFO: [ app_begin ] --START--
INFO: Run Behavior\ReadHtmlCache [ RunTime:0.000748s ]
INFO: [ app_begin ] --END-- [ RunTime:0.000864s ]
SQL: SHOW COLUMNS FROM `menu` [ RunTime:0.003763s ]
SQL: SELECT * FROM `menu` WHERE ( `pid` = 0 )  [ RunTime:0.000291s ]
SQL: SELECT * FROM `menu` WHERE ( `url` LIKE '%Category/index%' ) LIMIT 1   [ RunTime:0.000777s ]
NOTIC: [8] Undefined variable: child_list D:\wamp\www\myproject\Application\Admin\Controller\CommonController.class.php 第 37 行.
INFO: [ view_parse ] --START--
INFO: [ template_filter ] --START--
INFO: Run Behavior\ContentReplace [ RunTime:0.000262s ]
INFO: [ template_filter ] --END-- [ RunTime:0.000394s ]
INFO: Run Behavior\ParseTemplate [ RunTime:0.011087s ]
INFO: [ view_parse ] --END-- [ RunTime:0.011215s ]
INFO: [ view_filter ] --START--
INFO: Run Behavior\WriteHtmlCache [ RunTime:0.000394s ]
INFO: [ view_filter ] --END-- [ RunTime:0.000501s ]
INFO: [ app_end ] --START--
INFO: Run Behavior\ShowPageTrace [ RunTime:0.000624s ]
INFO: [ app_end ] --END-- [ RunTime:0.000729s ]

[ 2014-02-21T15:08:15+08:00 ] 127.0.0.1 /myproject/index.php/Admin/Category/index.html
NOTIC: [2] array_merge(): Argument #2 is not an array D:\wamp\www\myproject\ThinkPHP\Library\Think\Hook.class.php 第 55 行.
INFO: [ app_begin ] --START--
INFO: Run Behavior\ReadHtmlCache [ RunTime:0.001195s ]
INFO: [ app_begin ] --END-- [ RunTime:0.001394s ]
SQL: SHOW COLUMNS FROM `menu` [ RunTime:0.016613s ]
SQL: SELECT * FROM `menu` WHERE ( `pid` = 0 )  [ RunTime:0.000272s ]
SQL: SELECT * FROM `menu` WHERE ( `url` LIKE '%Category/index%' ) LIMIT 1   [ RunTime:0.000187s ]
NOTIC: [8] Undefined variable: child_list D:\wamp\www\myproject\Application\Admin\Controller\CommonController.class.php 第 37 行.
INFO: [ view_parse ] --START--
INFO: [ template_filter ] --START--
INFO: Run Behavior\ContentReplace [ RunTime:0.000259s ]
INFO: [ template_filter ] --END-- [ RunTime:0.000382s ]
INFO: Run Behavior\ParseTemplate [ RunTime:0.010821s ]
INFO: [ view_parse ] --END-- [ RunTime:0.010945s ]
INFO: [ view_filter ] --START--
INFO: Run Behavior\WriteHtmlCache [ RunTime:0.000361s ]
INFO: [ view_filter ] --END-- [ RunTime:0.000470s ]
INFO: [ app_end ] --START--
INFO: Run Behavior\ShowPageTrace [ RunTime:0.000624s ]
INFO: [ app_end ] --END-- [ RunTime:0.000728s ]

[ 2014-02-21T15:53:14+08:00 ] 127.0.0.1 /myproject/index.php/Admin/Category/index.html
NOTIC: [2] array_merge(): Argument #2 is not an array D:\wamp\www\myproject\ThinkPHP\Library\Think\Hook.class.php 第 55 行.
INFO: [ app_begin ] --START--
INFO: Run Behavior\ReadHtmlCache [ RunTime:0.000673s ]
INFO: [ app_begin ] --END-- [ RunTime:0.000784s ]
SQL: SHOW COLUMNS FROM `menu` [ RunTime:0.007984s ]
SQL: SELECT * FROM `menu` WHERE ( `pid` = 0 )  [ RunTime:0.000326s ]
SQL: SELECT * FROM `menu` WHERE ( `url` LIKE '%Category/index%' ) LIMIT 1   [ RunTime:0.000218s ]
NOTIC: [8] Undefined variable: child_list D:\wamp\www\myproject\Application\Admin\Controller\CommonController.class.php 第 37 行.
INFO: [ view_parse ] --START--
INFO: [ template_filter ] --START--
INFO: Run Behavior\ContentReplace [ RunTime:0.000264s ]
INFO: [ template_filter ] --END-- [ RunTime:0.000400s ]
NOTIC: [8] Use of undefined constant Category - assumed 'Category' D:\wamp\www\myproject\Application\Runtime\Cache\Admin\9bfef0f9f473c596f668b6c9a32bfd5c.php 第 333 行.
NOTIC: [8] Use of undefined constant add - assumed 'add' D:\wamp\www\myproject\Application\Runtime\Cache\Admin\9bfef0f9f473c596f668b6c9a32bfd5c.php 第 333 行.
NOTIC: [2] Division by zero D:\wamp\www\myproject\Application\Runtime\Cache\Admin\9bfef0f9f473c596f668b6c9a32bfd5c.php 第 333 行.
INFO: Run Behavior\ParseTemplate [ RunTime:0.011100s ]
INFO: [ view_parse ] --END-- [ RunTime:0.011220s ]
INFO: [ view_filter ] --START--
INFO: Run Behavior\WriteHtmlCache [ RunTime:0.000360s ]
INFO: [ view_filter ] --END-- [ RunTime:0.000483s ]
INFO: [ app_end ] --START--
INFO: Run Behavior\ShowPageTrace [ RunTime:0.000624s ]
INFO: [ app_end ] --END-- [ RunTime:0.000728s ]

[ 2014-02-21T15:53:38+08:00 ] 127.0.0.1 /myproject/index.php/Admin/Category/index.html
NOTIC: [2] array_merge(): Argument #2 is not an array D:\wamp\www\myproject\ThinkPHP\Library\Think\Hook.class.php 第 55 行.
INFO: [ app_begin ] --START--
INFO: Run Behavior\ReadHtmlCache [ RunTime:0.001107s ]
INFO: [ app_begin ] --END-- [ RunTime:0.001321s ]
SQL: SHOW COLUMNS FROM `menu` [ RunTime:0.010580s ]
SQL: SELECT * FROM `menu` WHERE ( `pid` = 0 )  [ RunTime:0.000277s ]
SQL: SELECT * FROM `menu` WHERE ( `url` LIKE '%Category/index%' ) LIMIT 1   [ RunTime:0.000216s ]
NOTIC: [8] Undefined variable: child_list D:\wamp\www\myproject\Application\Admin\Controller\CommonController.class.php 第 37 行.
INFO: [ view_parse ] --START--
INFO: [ template_filter ] --START--
INFO: Run Behavior\ContentReplace [ RunTime:0.000269s ]
INFO: [ template_filter ] --END-- [ RunTime:0.000401s ]
NOTIC: [8] Use of undefined constant Category - assumed 'Category' D:\wamp\www\myproject\Application\Runtime\Cache\Admin\9bfef0f9f473c596f668b6c9a32bfd5c.php 第 333 行.
NOTIC: [8] Use of undefined constant add - assumed 'add' D:\wamp\www\myproject\Application\Runtime\Cache\Admin\9bfef0f9f473c596f668b6c9a32bfd5c.php 第 333 行.
NOTIC: [2] Division by zero D:\wamp\www\myproject\Application\Runtime\Cache\Admin\9bfef0f9f473c596f668b6c9a32bfd5c.php 第 333 行.
INFO: Run Behavior\ParseTemplate [ RunTime:0.011764s ]
INFO: [ view_parse ] --END-- [ RunTime:0.011884s ]
INFO: [ view_filter ] --START--
INFO: Run Behavior\WriteHtmlCache [ RunTime:0.000425s ]
INFO: [ view_filter ] --END-- [ RunTime:0.000532s ]
INFO: [ app_end ] --START--
INFO: Run Behavior\ShowPageTrace [ RunTime:0.000639s ]
INFO: [ app_end ] --END-- [ RunTime:0.000743s ]

[ 2014-02-21T15:54:40+08:00 ] 127.0.0.1 /myproject/index.php/Admin/Category/index.html
NOTIC: [2] array_merge(): Argument #2 is not an array D:\wamp\www\myproject\ThinkPHP\Library\Think\Hook.class.php 第 55 行.
INFO: [ app_begin ] --START--
INFO: Run Behavior\ReadHtmlCache [ RunTime:0.000651s ]
INFO: [ app_begin ] --END-- [ RunTime:0.000759s ]
SQL: SHOW COLUMNS FROM `menu` [ RunTime:0.004062s ]
SQL: SELECT * FROM `menu` WHERE ( `pid` = 0 )  [ RunTime:0.000280s ]
SQL: SELECT * FROM `menu` WHERE ( `url` LIKE '%Category/index%' ) LIMIT 1   [ RunTime:0.000234s ]
NOTIC: [8] Undefined variable: child_list D:\wamp\www\myproject\Application\Admin\Controller\CommonController.class.php 第 37 行.
INFO: [ view_parse ] --START--
INFO: [ template_filter ] --START--
INFO: Run Behavior\ContentReplace [ RunTime:0.000270s ]
INFO: [ template_filter ] --END-- [ RunTime:0.000406s ]
NOTIC: [8] Use of undefined constant Category - assumed 'Category' D:\wamp\www\myproject\Application\Runtime\Cache\Admin\9bfef0f9f473c596f668b6c9a32bfd5c.php 第 333 行.
NOTIC: [8] Use of undefined constant add - assumed 'add' D:\wamp\www\myproject\Application\Runtime\Cache\Admin\9bfef0f9f473c596f668b6c9a32bfd5c.php 第 333 行.
NOTIC: [2] Division by zero D:\wamp\www\myproject\Application\Runtime\Cache\Admin\9bfef0f9f473c596f668b6c9a32bfd5c.php 第 333 行.
INFO: Run Behavior\ParseTemplate [ RunTime:0.012036s ]
INFO: [ view_parse ] --END-- [ RunTime:0.012155s ]
INFO: [ view_filter ] --START--
INFO: Run Behavior\WriteHtmlCache [ RunTime:0.000378s ]
INFO: [ view_filter ] --END-- [ RunTime:0.000484s ]
INFO: [ app_end ] --START--
INFO: Run Behavior\ShowPageTrace [ RunTime:0.000612s ]
INFO: [ app_end ] --END-- [ RunTime:0.000716s ]

[ 2014-02-21T16:01:54+08:00 ] 127.0.0.1 /myproject/index.php/Admin/Category/index.html
NOTIC: [2] array_merge(): Argument #2 is not an array D:\wamp\www\myproject\ThinkPHP\Library\Think\Hook.class.php 第 55 行.
INFO: [ app_begin ] --START--
INFO: Run Behavior\ReadHtmlCache [ RunTime:0.000635s ]
INFO: [ app_begin ] --END-- [ RunTime:0.000752s ]
SQL: SHOW COLUMNS FROM `menu` [ RunTime:0.005094s ]
SQL: SELECT * FROM `menu` WHERE ( `pid` = 0 )  [ RunTime:0.000343s ]
SQL: SELECT * FROM `menu` WHERE ( `url` LIKE '%Category/index%' ) LIMIT 1   [ RunTime:0.000220s ]
NOTIC: [8] Undefined variable: child_list D:\wamp\www\myproject\Application\Admin\Controller\CommonController.class.php 第 37 行.
INFO: [ view_parse ] --START--
INFO: [ template_filter ] --START--
INFO: Run Behavior\ContentReplace [ RunTime:0.000265s ]
INFO: [ template_filter ] --END-- [ RunTime:0.000401s ]
NOTIC: [8] Use of undefined constant Category - assumed 'Category' D:\wamp\www\myproject\Application\Runtime\Cache\Admin\9bfef0f9f473c596f668b6c9a32bfd5c.php 第 333 行.
NOTIC: [8] Use of undefined constant add - assumed 'add' D:\wamp\www\myproject\Application\Runtime\Cache\Admin\9bfef0f9f473c596f668b6c9a32bfd5c.php 第 333 行.
NOTIC: [2] Division by zero D:\wamp\www\myproject\Application\Runtime\Cache\Admin\9bfef0f9f473c596f668b6c9a32bfd5c.php 第 333 行.
INFO: Run Behavior\ParseTemplate [ RunTime:0.012247s ]
INFO: [ view_parse ] --END-- [ RunTime:0.012369s ]
INFO: [ view_filter ] --START--
INFO: Run Behavior\WriteHtmlCache [ RunTime:0.000402s ]
INFO: [ view_filter ] --END-- [ RunTime:0.000514s ]
INFO: [ app_end ] --START--
INFO: Run Behavior\ShowPageTrace [ RunTime:0.000649s ]
INFO: [ app_end ] --END-- [ RunTime:0.000756s ]

[ 2014-02-21T16:02:30+08:00 ] 127.0.0.1 /myproject/index.php/Admin/Category/index.html
NOTIC: [2] array_merge(): Argument #2 is not an array D:\wamp\www\myproject\ThinkPHP\Library\Think\Hook.class.php 第 55 行.
INFO: [ app_begin ] --START--
INFO: Run Behavior\ReadHtmlCache [ RunTime:0.000665s ]
INFO: [ app_begin ] --END-- [ RunTime:0.000805s ]
SQL: SHOW COLUMNS FROM `menu` [ RunTime:0.003826s ]
SQL: SELECT * FROM `menu` WHERE ( `pid` = 0 )  [ RunTime:0.000264s ]
SQL: SELECT * FROM `menu` WHERE ( `url` LIKE '%Category/index%' ) LIMIT 1   [ RunTime:0.000246s ]
NOTIC: [8] Undefined variable: child_list D:\wamp\www\myproject\Application\Admin\Controller\CommonController.class.php 第 37 行.
INFO: [ view_parse ] --START--
INFO: [ template_filter ] --START--
INFO: Run Behavior\ContentReplace [ RunTime:0.000278s ]
INFO: [ template_filter ] --END-- [ RunTime:0.000421s ]
INFO: Run Behavior\ParseTemplate [ RunTime:0.011721s ]
INFO: [ view_parse ] --END-- [ RunTime:0.011896s ]
INFO: [ view_filter ] --START--
INFO: Run Behavior\WriteHtmlCache [ RunTime:0.000396s ]
INFO: [ view_filter ] --END-- [ RunTime:0.000502s ]
INFO: [ app_end ] --START--
INFO: Run Behavior\ShowPageTrace [ RunTime:0.000649s ]
INFO: [ app_end ] --END-- [ RunTime:0.000753s ]

[ 2014-02-21T16:02:55+08:00 ] 127.0.0.1 /myproject/index.php/Admin/Category/index.html
NOTIC: [2] array_merge(): Argument #2 is not an array D:\wamp\www\myproject\ThinkPHP\Library\Think\Hook.class.php 第 55 行.
INFO: [ app_begin ] --START--
INFO: Run Behavior\ReadHtmlCache [ RunTime:0.000686s ]
INFO: [ app_begin ] --END-- [ RunTime:0.000800s ]
SQL: SHOW COLUMNS FROM `menu` [ RunTime:0.003695s ]
SQL: SELECT * FROM `menu` WHERE ( `pid` = 0 )  [ RunTime:0.000221s ]
SQL: SELECT * FROM `menu` WHERE ( `url` LIKE '%Category/index%' ) LIMIT 1   [ RunTime:0.000185s ]
NOTIC: [8] Undefined variable: child_list D:\wamp\www\myproject\Application\Admin\Controller\CommonController.class.php 第 37 行.
INFO: [ view_parse ] --START--
INFO: [ template_filter ] --START--
INFO: Run Behavior\ContentReplace [ RunTime:0.000269s ]
INFO: [ template_filter ] --END-- [ RunTime:0.000407s ]
NOTIC: [8] Use of undefined constant add - assumed 'add' D:\wamp\www\myproject\Application\Runtime\Cache\Admin\9bfef0f9f473c596f668b6c9a32bfd5c.php 第 333 行.
INFO: Run Behavior\ParseTemplate [ RunTime:0.011639s ]
INFO: [ view_parse ] --END-- [ RunTime:0.011761s ]
INFO: [ view_filter ] --START--
INFO: Run Behavior\WriteHtmlCache [ RunTime:0.000396s ]
INFO: [ view_filter ] --END-- [ RunTime:0.000507s ]
INFO: [ app_end ] --START--
INFO: Run Behavior\ShowPageTrace [ RunTime:0.000643s ]
INFO: [ app_end ] --END-- [ RunTime:0.000752s ]

[ 2014-02-21T16:03:08+08:00 ] 127.0.0.1 /myproject/index.php/Admin/Category/add.html
NOTIC: [2] array_merge(): Argument #2 is not an array D:\wamp\www\myproject\ThinkPHP\Library\Think\Hook.class.php 第 55 行.
INFO: [ app_begin ] --START--
INFO: Run Behavior\ReadHtmlCache [ RunTime:0.000637s ]
INFO: [ app_begin ] --END-- [ RunTime:0.000747s ]
SQL: SHOW COLUMNS FROM `menu` [ RunTime:0.004892s ]
SQL: SELECT * FROM `menu` WHERE ( `pid` = 0 )  [ RunTime:0.000325s ]
SQL: SELECT * FROM `menu` WHERE ( `url` LIKE '%Category/add%' ) LIMIT 1   [ RunTime:0.000222s ]
INFO: [ view_parse ] --START--
INFO: [ template_filter ] --START--
INFO: Run Behavior\ContentReplace [ RunTime:0.000119s ]
INFO: [ template_filter ] --END-- [ RunTime:0.000323s ]
INFO: Run Behavior\ParseTemplate [ RunTime:0.007638s ]
INFO: [ view_parse ] --END-- [ RunTime:0.007758s ]
INFO: [ view_filter ] --START--
INFO: Run Behavior\WriteHtmlCache [ RunTime:0.000388s ]
INFO: [ view_filter ] --END-- [ RunTime:0.000484s ]

[ 2014-02-21T16:03:17+08:00 ] 127.0.0.1 /myproject/index.php/Admin/Category/add.html
NOTIC: [2] array_merge(): Argument #2 is not an array D:\wamp\www\myproject\ThinkPHP\Library\Think\Hook.class.php 第 55 行.
INFO: [ app_begin ] --START--
INFO: Run Behavior\ReadHtmlCache [ RunTime:0.000638s ]
INFO: [ app_begin ] --END-- [ RunTime:0.000746s ]
SQL: SHOW COLUMNS FROM `menu` [ RunTime:0.005383s ]
SQL: SELECT * FROM `menu` WHERE ( `pid` = 0 )  [ RunTime:0.000311s ]
SQL: SELECT * FROM `menu` WHERE ( `url` LIKE '%Category/add%' ) LIMIT 1   [ RunTime:0.000210s ]
INFO: [ view_parse ] --START--
INFO: [ template_filter ] --START--
INFO: Run Behavior\ContentReplace [ RunTime:0.000104s ]
INFO: [ template_filter ] --END-- [ RunTime:0.000279s ]
INFO: Run Behavior\ParseTemplate [ RunTime:0.007781s ]
INFO: [ view_parse ] --END-- [ RunTime:0.007906s ]
INFO: [ view_filter ] --START--
INFO: Run Behavior\WriteHtmlCache [ RunTime:0.000431s ]
INFO: [ view_filter ] --END-- [ RunTime:0.000525s ]

[ 2014-02-21T16:03:26+08:00 ] 127.0.0.1 /myproject/index.php/Admin/Category/add.html
NOTIC: [2] array_merge(): Argument #2 is not an array D:\wamp\www\myproject\ThinkPHP\Library\Think\Hook.class.php 第 55 行.
INFO: [ app_begin ] --START--
INFO: Run Behavior\ReadHtmlCache [ RunTime:0.000656s ]
INFO: [ app_begin ] --END-- [ RunTime:0.000768s ]
SQL: SHOW COLUMNS FROM `menu` [ RunTime:0.004935s ]
SQL: SELECT * FROM `menu` WHERE ( `pid` = 0 )  [ RunTime:0.000321s ]
SQL: SELECT * FROM `menu` WHERE ( `url` LIKE '%Category/add%' ) LIMIT 1   [ RunTime:0.000215s ]
INFO: [ view_parse ] --START--
INFO: [ template_filter ] --START--
INFO: Run Behavior\ContentReplace [ RunTime:0.000076s ]
INFO: [ template_filter ] --END-- [ RunTime:0.000207s ]
INFO: Run Behavior\ParseTemplate [ RunTime:0.008034s ]
INFO: [ view_parse ] --END-- [ RunTime:0.008144s ]
INFO: [ view_filter ] --START--
INFO: Run Behavior\WriteHtmlCache [ RunTime:0.000368s ]
INFO: [ view_filter ] --END-- [ RunTime:0.000462s ]

[ 2014-02-21T16:03:31+08:00 ] 127.0.0.1 /myproject/index.php/Admin/Category/add.html
NOTIC: [2] array_merge(): Argument #2 is not an array D:\wamp\www\myproject\ThinkPHP\Library\Think\Hook.class.php 第 55 行.
INFO: [ app_begin ] --START--
INFO: Run Behavior\ReadHtmlCache [ RunTime:0.000649s ]
INFO: [ app_begin ] --END-- [ RunTime:0.000757s ]
SQL: SHOW COLUMNS FROM `menu` [ RunTime:0.005248s ]
SQL: SELECT * FROM `menu` WHERE ( `pid` = 0 )  [ RunTime:0.001087s ]
SQL: SELECT * FROM `menu` WHERE ( `url` LIKE '%Category/add%' ) LIMIT 1   [ RunTime:0.000292s ]
INFO: [ view_parse ] --START--
INFO: [ template_filter ] --START--
INFO: Run Behavior\ContentReplace [ RunTime:0.000074s ]
INFO: [ template_filter ] --END-- [ RunTime:0.000193s ]
INFO: Run Behavior\ParseTemplate [ RunTime:0.006989s ]
INFO: [ view_parse ] --END-- [ RunTime:0.007095s ]
INFO: [ view_filter ] --START--
INFO: Run Behavior\WriteHtmlCache [ RunTime:0.000356s ]
INFO: [ view_filter ] --END-- [ RunTime:0.000449s ]

[ 2014-02-21T16:04:18+08:00 ] 127.0.0.1 /myproject/index.php/Admin/Category/add.html
NOTIC: [2] array_merge(): Argument #2 is not an array D:\wamp\www\myproject\ThinkPHP\Library\Think\Hook.class.php 第 55 行.
INFO: [ app_begin ] --START--
INFO: Run Behavior\ReadHtmlCache [ RunTime:0.000655s ]
INFO: [ app_begin ] --END-- [ RunTime:0.000773s ]
SQL: SHOW COLUMNS FROM `menu` [ RunTime:0.003705s ]
SQL: SELECT * FROM `menu` WHERE ( `pid` = 0 )  [ RunTime:0.000264s ]
SQL: SELECT * FROM `menu` WHERE ( `url` LIKE '%Category/add%' ) LIMIT 1   [ RunTime:0.000207s ]
INFO: [ view_parse ] --START--
INFO: [ template_filter ] --START--
INFO: Run Behavior\ContentReplace [ RunTime:0.000076s ]
INFO: [ template_filter ] --END-- [ RunTime:0.000194s ]
INFO: Run Behavior\ParseTemplate [ RunTime:0.007601s ]
INFO: [ view_parse ] --END-- [ RunTime:0.007718s ]
INFO: [ view_filter ] --START--
INFO: Run Behavior\WriteHtmlCache [ RunTime:0.000494s ]
INFO: [ view_filter ] --END-- [ RunTime:0.000631s ]

[ 2014-02-21T16:04:25+08:00 ] 127.0.0.1 /myproject/index.php/Admin/Category/add.html
NOTIC: [2] array_merge(): Argument #2 is not an array D:\wamp\www\myproject\ThinkPHP\Library\Think\Hook.class.php 第 55 行.
INFO: [ app_begin ] --START--
INFO: Run Behavior\ReadHtmlCache [ RunTime:0.000804s ]
INFO: [ app_begin ] --END-- [ RunTime:0.000932s ]
SQL: SHOW COLUMNS FROM `menu` [ RunTime:0.003720s ]
SQL: SELECT * FROM `menu` WHERE ( `pid` = 0 )  [ RunTime:0.000307s ]
SQL: SELECT * FROM `menu` WHERE ( `url` LIKE '%Category/add%' ) LIMIT 1   [ RunTime:0.000708s ]
INFO: [ view_parse ] --START--
INFO: [ template_filter ] --START--
INFO: Run Behavior\ContentReplace [ RunTime:0.000117s ]
INFO: [ template_filter ] --END-- [ RunTime:0.000243s ]
INFO: Run Behavior\ParseTemplate [ RunTime:0.007944s ]
INFO: [ view_parse ] --END-- [ RunTime:0.008076s ]
INFO: [ view_filter ] --START--
INFO: Run Behavior\WriteHtmlCache [ RunTime:0.000414s ]
INFO: [ view_filter ] --END-- [ RunTime:0.000509s ]

[ 2014-02-21T16:04:32+08:00 ] 127.0.0.1 /myproject/index.php/Admin/Category/add.html
NOTIC: [2] array_merge(): Argument #2 is not an array D:\wamp\www\myproject\ThinkPHP\Library\Think\Hook.class.php 第 55 行.
INFO: [ app_begin ] --START--
INFO: Run Behavior\ReadHtmlCache [ RunTime:0.001302s ]
INFO: [ app_begin ] --END-- [ RunTime:0.001474s ]
SQL: SHOW COLUMNS FROM `menu` [ RunTime:0.003879s ]
SQL: SELECT * FROM `menu` WHERE ( `pid` = 0 )  [ RunTime:0.000268s ]
SQL: SELECT * FROM `menu` WHERE ( `url` LIKE '%Category/add%' ) LIMIT 1   [ RunTime:0.000199s ]
INFO: [ view_parse ] --START--
INFO: [ template_filter ] --START--
INFO: Run Behavior\ContentReplace [ RunTime:0.000081s ]
INFO: [ template_filter ] --END-- [ RunTime:0.000205s ]
INFO: Run Behavior\ParseTemplate [ RunTime:0.007914s ]
INFO: [ view_parse ] --END-- [ RunTime:0.008025s ]
INFO: [ view_filter ] --START--
INFO: Run Behavior\WriteHtmlCache [ RunTime:0.000389s ]
INFO: [ view_filter ] --END-- [ RunTime:0.000489s ]

[ 2014-02-21T16:04:37+08:00 ] 127.0.0.1 /myproject/index.php/Admin/Category/add.html
NOTIC: [2] array_merge(): Argument #2 is not an array D:\wamp\www\myproject\ThinkPHP\Library\Think\Hook.class.php 第 55 行.
INFO: [ app_begin ] --START--
INFO: Run Behavior\ReadHtmlCache [ RunTime:0.000664s ]
INFO: [ app_begin ] --END-- [ RunTime:0.000777s ]
SQL: SHOW COLUMNS FROM `menu` [ RunTime:0.003754s ]
SQL: SELECT * FROM `menu` WHERE ( `pid` = 0 )  [ RunTime:0.000844s ]
SQL: SELECT * FROM `menu` WHERE ( `url` LIKE '%Category/add%' ) LIMIT 1   [ RunTime:0.001264s ]
INFO: [ view_parse ] --START--
INFO: [ template_filter ] --START--
INFO: Run Behavior\ContentReplace [ RunTime:0.000077s ]
INFO: [ template_filter ] --END-- [ RunTime:0.000195s ]
INFO: Run Behavior\ParseTemplate [ RunTime:0.007199s ]
INFO: [ view_parse ] --END-- [ RunTime:0.007314s ]
INFO: [ view_filter ] --START--
INFO: Run Behavior\WriteHtmlCache [ RunTime:0.000394s ]
INFO: [ view_filter ] --END-- [ RunTime:0.000487s ]

[ 2014-02-21T16:06:46+08:00 ] 127.0.0.1 /myproject/index.php/Admin/Category/index.html
NOTIC: [2] array_merge(): Argument #2 is not an array D:\wamp\www\myproject\ThinkPHP\Library\Think\Hook.class.php 第 55 行.
INFO: [ app_begin ] --START--
INFO: Run Behavior\ReadHtmlCache [ RunTime:0.000916s ]
INFO: [ app_begin ] --END-- [ RunTime:0.001061s ]
SQL: SHOW COLUMNS FROM `menu` [ RunTime:0.003694s ]
SQL: SELECT * FROM `menu` WHERE ( `pid` = 0 )  [ RunTime:0.000299s ]
SQL: SELECT * FROM `menu` WHERE ( `url` LIKE '%Category/index%' ) LIMIT 1   [ RunTime:0.000217s ]
NOTIC: [8] Undefined variable: child_list D:\wamp\www\myproject\Application\Admin\Controller\CommonController.class.php 第 37 行.
INFO: [ view_parse ] --START--
INFO: [ template_filter ] --START--
INFO: Run Behavior\ContentReplace [ RunTime:0.000270s ]
INFO: [ template_filter ] --END-- [ RunTime:0.000408s ]
NOTIC: [8] Use of undefined constant add - assumed 'add' D:\wamp\www\myproject\Application\Runtime\Cache\Admin\9bfef0f9f473c596f668b6c9a32bfd5c.php 第 333 行.
INFO: Run Behavior\ParseTemplate [ RunTime:0.011625s ]
INFO: [ view_parse ] --END-- [ RunTime:0.011754s ]
INFO: [ view_filter ] --START--
INFO: Run Behavior\WriteHtmlCache [ RunTime:0.000424s ]
INFO: [ view_filter ] --END-- [ RunTime:0.000557s ]
INFO: [ app_end ] --START--
INFO: Run Behavior\ShowPageTrace [ RunTime:0.000660s ]
INFO: [ app_end ] --END-- [ RunTime:0.000768s ]

[ 2014-02-21T16:06:49+08:00 ] 127.0.0.1 /myproject/index.php/Admin/Category/index.html
NOTIC: [2] array_merge(): Argument #2 is not an array D:\wamp\www\myproject\ThinkPHP\Library\Think\Hook.class.php 第 55 行.
INFO: [ app_begin ] --START--
INFO: Run Behavior\ReadHtmlCache [ RunTime:0.000601s ]
INFO: [ app_begin ] --END-- [ RunTime:0.000705s ]
SQL: SHOW COLUMNS FROM `menu` [ RunTime:0.005045s ]
SQL: SELECT * FROM `menu` WHERE ( `pid` = 0 )  [ RunTime:0.000313s ]
SQL: SELECT * FROM `menu` WHERE ( `url` LIKE '%Category/index%' ) LIMIT 1   [ RunTime:0.000214s ]
NOTIC: [8] Undefined variable: child_list D:\wamp\www\myproject\Application\Admin\Controller\CommonController.class.php 第 37 行.
INFO: [ view_parse ] --START--
INFO: [ template_filter ] --START--
INFO: Run Behavior\ContentReplace [ RunTime:0.000269s ]
INFO: [ template_filter ] --END-- [ RunTime:0.000397s ]
NOTIC: [8] Use of undefined constant add - assumed 'add' D:\wamp\www\myproject\Application\Runtime\Cache\Admin\9bfef0f9f473c596f668b6c9a32bfd5c.php 第 333 行.
INFO: Run Behavior\ParseTemplate [ RunTime:0.011045s ]
INFO: [ view_parse ] --END-- [ RunTime:0.011163s ]
INFO: [ view_filter ] --START--
INFO: Run Behavior\WriteHtmlCache [ RunTime:0.000371s ]
INFO: [ view_filter ] --END-- [ RunTime:0.000480s ]
INFO: [ app_end ] --START--
INFO: Run Behavior\ShowPageTrace [ RunTime:0.000613s ]
INFO: [ app_end ] --END-- [ RunTime:0.000717s ]

[ 2014-02-21T16:07:01+08:00 ] 127.0.0.1 /myproject/index.php/Admin/Category/add
NOTIC: [2] array_merge(): Argument #2 is not an array D:\wamp\www\myproject\ThinkPHP\Library\Think\Hook.class.php 第 55 行.
INFO: [ app_begin ] --START--
INFO: Run Behavior\ReadHtmlCache [ RunTime:0.001044s ]
INFO: [ app_begin ] --END-- [ RunTime:0.001243s ]
SQL: SHOW COLUMNS FROM `menu` [ RunTime:0.004013s ]
SQL: SELECT * FROM `menu` WHERE ( `pid` = 0 )  [ RunTime:0.000332s ]
SQL: SELECT * FROM `menu` WHERE ( `url` LIKE '%Category/add%' ) LIMIT 1   [ RunTime:0.000215s ]
INFO: [ view_parse ] --START--
INFO: [ template_filter ] --START--
INFO: Run Behavior\ContentReplace [ RunTime:0.000115s ]
INFO: [ template_filter ] --END-- [ RunTime:0.000318s ]
INFO: Run Behavior\ParseTemplate [ RunTime:0.007748s ]
INFO: [ view_parse ] --END-- [ RunTime:0.007879s ]
INFO: [ view_filter ] --START--
INFO: Run Behavior\WriteHtmlCache [ RunTime:0.000400s ]
INFO: [ view_filter ] --END-- [ RunTime:0.000514s ]

[ 2014-02-21T16:07:07+08:00 ] 127.0.0.1 /myproject/index.php/Admin/Category/add
NOTIC: [2] array_merge(): Argument #2 is not an array D:\wamp\www\myproject\ThinkPHP\Library\Think\Hook.class.php 第 55 行.
INFO: [ app_begin ] --START--
INFO: Run Behavior\ReadHtmlCache [ RunTime:0.000638s ]
INFO: [ app_begin ] --END-- [ RunTime:0.000747s ]
SQL: SHOW COLUMNS FROM `menu` [ RunTime:0.004930s ]
SQL: SELECT * FROM `menu` WHERE ( `pid` = 0 )  [ RunTime:0.000273s ]
SQL: SELECT * FROM `menu` WHERE ( `url` LIKE '%Category/add%' ) LIMIT 1   [ RunTime:0.000184s ]
INFO: [ view_parse ] --START--
INFO: [ template_filter ] --START--
INFO: Run Behavior\ContentReplace [ RunTime:0.000100s ]
INFO: [ template_filter ] --END-- [ RunTime:0.000244s ]
INFO: Run Behavior\ParseTemplate [ RunTime:0.007741s ]
INFO: [ view_parse ] --END-- [ RunTime:0.007868s ]
INFO: [ view_filter ] --START--
INFO: Run Behavior\WriteHtmlCache [ RunTime:0.000432s ]
INFO: [ view_filter ] --END-- [ RunTime:0.000544s ]

[ 2014-02-21T16:08:26+08:00 ] 127.0.0.1 /myproject/index.php/Admin/Category/index.html
NOTIC: [2] array_merge(): Argument #2 is not an array D:\wamp\www\myproject\ThinkPHP\Library\Think\Hook.class.php 第 55 行.
INFO: [ app_begin ] --START--
INFO: Run Behavior\ReadHtmlCache [ RunTime:0.000673s ]
INFO: [ app_begin ] --END-- [ RunTime:0.000784s ]
SQL: SHOW COLUMNS FROM `menu` [ RunTime:0.004012s ]
SQL: SELECT * FROM `menu` WHERE ( `pid` = 0 )  [ RunTime:0.000273s ]
SQL: SELECT * FROM `menu` WHERE ( `url` LIKE '%Category/index%' ) LIMIT 1   [ RunTime:0.000218s ]
NOTIC: [8] Undefined variable: child_list D:\wamp\www\myproject\Application\Admin\Controller\CommonController.class.php 第 37 行.
INFO: [ view_parse ] --START--
INFO: [ template_filter ] --START--
INFO: Run Behavior\ContentReplace [ RunTime:0.000278s ]
INFO: [ template_filter ] --END-- [ RunTime:0.000417s ]
NOTIC: [8] Use of undefined constant add - assumed 'add' D:\wamp\www\myproject\Application\Runtime\Cache\Admin\9bfef0f9f473c596f668b6c9a32bfd5c.php 第 333 行.
INFO: Run Behavior\ParseTemplate [ RunTime:0.012156s ]
INFO: [ view_parse ] --END-- [ RunTime:0.012263s ]
INFO: [ view_filter ] --START--
INFO: Run Behavior\WriteHtmlCache [ RunTime:0.000398s ]
INFO: [ view_filter ] --END-- [ RunTime:0.000496s ]
INFO: [ app_end ] --START--
INFO: Run Behavior\ShowPageTrace [ RunTime:0.000640s ]
INFO: [ app_end ] --END-- [ RunTime:0.000737s ]

[ 2014-02-21T16:08:29+08:00 ] 127.0.0.1 /myproject/index.php/Admin/Category/add
NOTIC: [2] array_merge(): Argument #2 is not an array D:\wamp\www\myproject\ThinkPHP\Library\Think\Hook.class.php 第 55 行.
INFO: [ app_begin ] --START--
INFO: Run Behavior\ReadHtmlCache [ RunTime:0.000799s ]
INFO: [ app_begin ] --END-- [ RunTime:0.000919s ]
SQL: SHOW COLUMNS FROM `menu` [ RunTime:0.003802s ]
SQL: SELECT * FROM `menu` WHERE ( `pid` = 0 )  [ RunTime:0.000312s ]
SQL: SELECT * FROM `menu` WHERE ( `url` LIKE '%Category/add%' ) LIMIT 1   [ RunTime:0.000212s ]
NOTIC: [8] Undefined variable: child_list D:\wamp\www\myproject\Application\Admin\Controller\CommonController.class.php 第 37 行.
SQL: SHOW COLUMNS FROM `category` [ RunTime:0.005224s ]
INFO: [ view_parse ] --START--
INFO: [ template_filter ] --START--
INFO: Run Behavior\ContentReplace [ RunTime:0.000148s ]
INFO: [ template_filter ] --END-- [ RunTime:0.000360s ]
INFO: Run Behavior\ParseTemplate [ RunTime:0.007558s ]
INFO: [ view_parse ] --END-- [ RunTime:0.007671s ]
INFO: [ view_filter ] --START--
INFO: Run Behavior\WriteHtmlCache [ RunTime:0.000428s ]
INFO: [ view_filter ] --END-- [ RunTime:0.000522s ]
INFO: [ app_end ] --START--
INFO: Run Behavior\ShowPageTrace [ RunTime:0.000674s ]
INFO: [ app_end ] --END-- [ RunTime:0.000770s ]

[ 2014-02-21T16:08:30+08:00 ] 127.0.0.1 /myproject/index.php/Admin/Category/index.html
NOTIC: [2] array_merge(): Argument #2 is not an array D:\wamp\www\myproject\ThinkPHP\Library\Think\Hook.class.php 第 55 行.
INFO: [ app_begin ] --START--
INFO: Run Behavior\ReadHtmlCache [ RunTime:0.000756s ]
INFO: [ app_begin ] --END-- [ RunTime:0.000912s ]
SQL: SHOW COLUMNS FROM `menu` [ RunTime:0.004125s ]
SQL: SELECT * FROM `menu` WHERE ( `pid` = 0 )  [ RunTime:0.000245s ]
SQL: SELECT * FROM `menu` WHERE ( `url` LIKE '%Category/index%' ) LIMIT 1   [ RunTime:0.000215s ]
NOTIC: [8] Undefined variable: child_list D:\wamp\www\myproject\Application\Admin\Controller\CommonController.class.php 第 37 行.
INFO: [ view_parse ] --START--
INFO: [ template_filter ] --START--
INFO: Run Behavior\ContentReplace [ RunTime:0.000391s ]
INFO: [ template_filter ] --END-- [ RunTime:0.000681s ]
NOTIC: [8] Use of undefined constant add - assumed 'add' D:\wamp\www\myproject\Application\Runtime\Cache\Admin\9bfef0f9f473c596f668b6c9a32bfd5c.php 第 333 行.
INFO: Run Behavior\ParseTemplate [ RunTime:0.012955s ]
INFO: [ view_parse ] --END-- [ RunTime:0.013067s ]
INFO: [ view_filter ] --START--
INFO: Run Behavior\WriteHtmlCache [ RunTime:0.000421s ]
INFO: [ view_filter ] --END-- [ RunTime:0.000523s ]
INFO: [ app_end ] --START--
INFO: Run Behavior\ShowPageTrace [ RunTime:0.000638s ]
INFO: [ app_end ] --END-- [ RunTime:0.000739s ]

[ 2014-02-21T16:09:37+08:00 ] 127.0.0.1 /myproject/index.php/Admin/Category/index.html
NOTIC: [2] array_merge(): Argument #2 is not an array D:\wamp\www\myproject\ThinkPHP\Library\Think\Hook.class.php 第 55 行.
INFO: [ app_begin ] --START--
INFO: Run Behavior\ReadHtmlCache [ RunTime:0.000672s ]
INFO: [ app_begin ] --END-- [ RunTime:0.000784s ]
SQL: SHOW COLUMNS FROM `menu` [ RunTime:0.004133s ]
SQL: SELECT * FROM `menu` WHERE ( `pid` = 0 )  [ RunTime:0.000259s ]
SQL: SELECT * FROM `menu` WHERE ( `url` LIKE '%Category/index%' ) LIMIT 1   [ RunTime:0.000150s ]
NOTIC: [8] Undefined variable: child_list D:\wamp\www\myproject\Application\Admin\Controller\CommonController.class.php 第 37 行.
INFO: [ view_parse ] --START--
INFO: [ template_filter ] --START--
INFO: Run Behavior\ContentReplace [ RunTime:0.000338s ]
INFO: [ template_filter ] --END-- [ RunTime:0.000493s ]
NOTIC: [8] Use of undefined constant add - assumed 'add' D:\wamp\www\myproject\Application\Runtime\Cache\Admin\9bfef0f9f473c596f668b6c9a32bfd5c.php 第 333 行.
INFO: Run Behavior\ParseTemplate [ RunTime:0.012630s ]
INFO: [ view_parse ] --END-- [ RunTime:0.012741s ]
INFO: [ view_filter ] --START--
INFO: Run Behavior\WriteHtmlCache [ RunTime:0.000393s ]
INFO: [ view_filter ] --END-- [ RunTime:0.000491s ]
INFO: [ app_end ] --START--
INFO: Run Behavior\ShowPageTrace [ RunTime:0.000644s ]
INFO: [ app_end ] --END-- [ RunTime:0.000739s ]

[ 2014-02-21T16:09:46+08:00 ] 127.0.0.1 /myproject/index.php/Admin/Category/add
NOTIC: [2] array_merge(): Argument #2 is not an array D:\wamp\www\myproject\ThinkPHP\Library\Think\Hook.class.php 第 55 行.
INFO: [ app_begin ] --START--
INFO: Run Behavior\ReadHtmlCache [ RunTime:0.001086s ]
INFO: [ app_begin ] --END-- [ RunTime:0.001313s ]
SQL: SHOW COLUMNS FROM `menu` [ RunTime:0.003719s ]
SQL: SELECT * FROM `menu` WHERE ( `pid` = 0 )  [ RunTime:0.000839s ]
SQL: SELECT * FROM `menu` WHERE ( `url` LIKE '%Category/add%' ) LIMIT 1   [ RunTime:0.000379s ]
NOTIC: [8] Undefined variable: child_list D:\wamp\www\myproject\Application\Admin\Controller\CommonController.class.php 第 37 行.
SQL: SHOW COLUMNS FROM `category` [ RunTime:0.004181s ]
ERR: Think\Model:saveCategory方法不存在！

[ 2014-02-21T16:10:37+08:00 ] 127.0.0.1 /myproject/index.php/Admin/Category/add
NOTIC: [2] array_merge(): Argument #2 is not an array D:\wamp\www\myproject\ThinkPHP\Library\Think\Hook.class.php 第 55 行.
INFO: [ app_begin ] --START--
INFO: Run Behavior\ReadHtmlCache [ RunTime:0.000610s ]
INFO: [ app_begin ] --END-- [ RunTime:0.000734s ]
SQL: SHOW COLUMNS FROM `menu` [ RunTime:0.005357s ]
SQL: SELECT * FROM `menu` WHERE ( `pid` = 0 )  [ RunTime:0.000285s ]
SQL: SELECT * FROM `menu` WHERE ( `url` LIKE '%Category/add%' ) LIMIT 1   [ RunTime:0.000222s ]
NOTIC: [8] Undefined variable: child_list D:\wamp\www\myproject\Application\Admin\Controller\CommonController.class.php 第 37 行.
SQL: SHOW COLUMNS FROM `category` [ RunTime:0.003362s ]
ERR: Think\Model:saveCategory方法不存在！

[ 2014-02-21T16:11:10+08:00 ] 127.0.0.1 /myproject/index.php/Admin/Category/add
NOTIC: [2] array_merge(): Argument #2 is not an array D:\wamp\www\myproject\ThinkPHP\Library\Think\Hook.class.php 第 55 行.
INFO: [ app_begin ] --START--
INFO: Run Behavior\ReadHtmlCache [ RunTime:0.000700s ]
INFO: [ app_begin ] --END-- [ RunTime:0.000842s ]
SQL: SHOW COLUMNS FROM `menu` [ RunTime:0.004027s ]
SQL: SELECT * FROM `menu` WHERE ( `pid` = 0 )  [ RunTime:0.000257s ]
SQL: SELECT * FROM `menu` WHERE ( `url` LIKE '%Category/add%' ) LIMIT 1   [ RunTime:0.000200s ]
NOTIC: [8] Undefined variable: child_list D:\wamp\www\myproject\Application\Admin\Controller\CommonController.class.php 第 37 行.
SQL: SHOW COLUMNS FROM `category` [ RunTime:0.003571s ]
ERR: Think\Model:saveCategory方法不存在！

[ 2014-02-21T16:11:48+08:00 ] 127.0.0.1 /myproject/index.php/Admin/Category/add
NOTIC: [2] array_merge(): Argument #2 is not an array D:\wamp\www\myproject\ThinkPHP\Library\Think\Hook.class.php 第 55 行.
INFO: [ app_begin ] --START--
INFO: Run Behavior\ReadHtmlCache [ RunTime:0.000650s ]
INFO: [ app_begin ] --END-- [ RunTime:0.000768s ]
SQL: SHOW COLUMNS FROM `menu` [ RunTime:0.004827s ]
SQL: SELECT * FROM `menu` WHERE ( `pid` = 0 )  [ RunTime:0.000278s ]
SQL: SELECT * FROM `menu` WHERE ( `url` LIKE '%Category/add%' ) LIMIT 1   [ RunTime:0.000215s ]
NOTIC: [8] Undefined variable: child_list D:\wamp\www\myproject\Application\Admin\Controller\CommonController.class.php 第 37 行.
SQL: SHOW COLUMNS FROM `category` [ RunTime:0.003613s ]
SQL: INSERT INTO `category` (`name`,`pid`,`level`) VALUES ('公司新闻',0,0) [ RunTime:0.088142s ]
INFO: [ app_end ] --START--
INFO: Run Behavior\ShowPageTrace [ RunTime:0.001441s ]
INFO: [ app_end ] --END-- [ RunTime:0.001631s ]

[ 2014-02-21T16:12:02+08:00 ] 127.0.0.1 /myproject/index.php/Admin/Category/add
NOTIC: [2] array_merge(): Argument #2 is not an array D:\wamp\www\myproject\ThinkPHP\Library\Think\Hook.class.php 第 55 行.
INFO: [ app_begin ] --START--
INFO: Run Behavior\ReadHtmlCache [ RunTime:0.000613s ]
INFO: [ app_begin ] --END-- [ RunTime:0.000720s ]
SQL: SHOW COLUMNS FROM `menu` [ RunTime:0.004039s ]
SQL: SELECT * FROM `menu` WHERE ( `pid` = 0 )  [ RunTime:0.000250s ]
SQL: SELECT * FROM `menu` WHERE ( `url` LIKE '%Category/add%' ) LIMIT 1   [ RunTime:0.000194s ]
NOTIC: [8] Undefined variable: child_list D:\wamp\www\myproject\Application\Admin\Controller\CommonController.class.php 第 37 行.
SQL: SHOW COLUMNS FROM `category` [ RunTime:0.003547s ]
ERR: Think\Model:saveCategory方法不存在！

[ 2014-02-21T16:12:11+08:00 ] 127.0.0.1 /myproject/index.php/Admin/Category/add
NOTIC: [2] array_merge(): Argument #2 is not an array D:\wamp\www\myproject\ThinkPHP\Library\Think\Hook.class.php 第 55 行.
INFO: [ app_begin ] --START--
INFO: Run Behavior\ReadHtmlCache [ RunTime:0.000691s ]
INFO: [ app_begin ] --END-- [ RunTime:0.000809s ]
SQL: SHOW COLUMNS FROM `menu` [ RunTime:0.003973s ]
SQL: SELECT * FROM `menu` WHERE ( `pid` = 0 )  [ RunTime:0.000262s ]
SQL: SELECT * FROM `menu` WHERE ( `url` LIKE '%Category/add%' ) LIMIT 1   [ RunTime:0.000237s ]
NOTIC: [8] Undefined variable: child_list D:\wamp\www\myproject\Application\Admin\Controller\CommonController.class.php 第 37 行.
SQL: SHOW COLUMNS FROM `category` [ RunTime:0.003549s ]
SQL: INSERT INTO `category` (`name`,`pid`,`level`) VALUES ('公司新闻',0,0) [ RunTime:0.000272s ]
ERR: 1062:Duplicate entry '0' for key 'PRIMARY'
 [ SQL语句 ] : INSERT INTO `category` (`name`,`pid`,`level`) VALUES ('公司新闻',0,0)
INFO: [ app_end ] --START--
INFO: Run Behavior\ShowPageTrace [ RunTime:0.000739s ]
INFO: [ app_end ] --END-- [ RunTime:0.000849s ]

[ 2014-02-21T16:12:41+08:00 ] 127.0.0.1 /myproject/index.php/Admin/Category/add
NOTIC: [2] array_merge(): Argument #2 is not an array D:\wamp\www\myproject\ThinkPHP\Library\Think\Hook.class.php 第 55 行.
INFO: [ app_begin ] --START--
INFO: Run Behavior\ReadHtmlCache [ RunTime:0.000644s ]
INFO: [ app_begin ] --END-- [ RunTime:0.000756s ]
SQL: SHOW COLUMNS FROM `menu` [ RunTime:0.003960s ]
SQL: SELECT * FROM `menu` WHERE ( `pid` = 0 )  [ RunTime:0.000198s ]
SQL: SELECT * FROM `menu` WHERE ( `url` LIKE '%Category/add%' ) LIMIT 1   [ RunTime:0.000148s ]
NOTIC: [8] Undefined variable: child_list D:\wamp\www\myproject\Application\Admin\Controller\CommonController.class.php 第 37 行.
SQL: SHOW COLUMNS FROM `category` [ RunTime:0.003571s ]

[ 2014-02-21T16:13:42+08:00 ] 127.0.0.1 /myproject/index.php/Admin/Category/add
NOTIC: [2] array_merge(): Argument #2 is not an array D:\wamp\www\myproject\ThinkPHP\Library\Think\Hook.class.php 第 55 行.
INFO: [ app_begin ] --START--
INFO: Run Behavior\ReadHtmlCache [ RunTime:0.000730s ]
INFO: [ app_begin ] --END-- [ RunTime:0.000859s ]
SQL: SHOW COLUMNS FROM `menu` [ RunTime:0.006983s ]
SQL: SELECT * FROM `menu` WHERE ( `pid` = 0 )  [ RunTime:0.000328s ]
SQL: SELECT * FROM `menu` WHERE ( `url` LIKE '%Category/add%' ) LIMIT 1   [ RunTime:0.000219s ]
NOTIC: [8] Undefined variable: child_list D:\wamp\www\myproject\Application\Admin\Controller\CommonController.class.php 第 37 行.
SQL: SHOW COLUMNS FROM `category` [ RunTime:0.003728s ]

[ 2014-02-21T16:15:41+08:00 ] 127.0.0.1 /myproject/index.php/Admin/Category/add
NOTIC: [2] array_merge(): Argument #2 is not an array D:\wamp\www\myproject\ThinkPHP\Library\Think\Hook.class.php 第 55 行.
INFO: [ app_begin ] --START--
INFO: Run Behavior\ReadHtmlCache [ RunTime:0.000631s ]
INFO: [ app_begin ] --END-- [ RunTime:0.000744s ]
SQL: SHOW COLUMNS FROM `menu` [ RunTime:0.004745s ]
SQL: SELECT * FROM `menu` WHERE ( `pid` = 0 )  [ RunTime:0.000237s ]
SQL: SELECT * FROM `menu` WHERE ( `url` LIKE '%Category/add%' ) LIMIT 1   [ RunTime:0.000187s ]
NOTIC: [8] Undefined variable: child_list D:\wamp\www\myproject\Application\Admin\Controller\CommonController.class.php 第 37 行.
SQL: SHOW COLUMNS FROM `category` [ RunTime:0.003394s ]
SQL: INSERT INTO `category` (`name`,`pid`,`level`) VALUES ('公司新闻',0,1) [ RunTime:0.042038s ]
INFO: [ app_end ] --START--
INFO: Run Behavior\ShowPageTrace [ RunTime:0.000807s ]
INFO: [ app_end ] --END-- [ RunTime:0.000906s ]

[ 2014-02-21T16:54:19+08:00 ] 127.0.0.1 /myproject/index.php/Admin/Category/add
NOTIC: [2] array_merge(): Argument #2 is not an array D:\wamp\www\myproject\ThinkPHP\Library\Think\Hook.class.php 第 55 行.
INFO: [ app_begin ] --START--
INFO: Run Behavior\ReadHtmlCache [ RunTime:0.000649s ]
INFO: [ app_begin ] --END-- [ RunTime:0.000762s ]
SQL: SHOW COLUMNS FROM `menu` [ RunTime:0.010884s ]
SQL: SELECT * FROM `menu` WHERE ( `pid` = 0 )  [ RunTime:0.000487s ]
SQL: SELECT * FROM `menu` WHERE ( `url` LIKE '%Category/add%' ) LIMIT 1   [ RunTime:0.000361s ]
NOTIC: [8] Undefined variable: child_list D:\wamp\www\myproject\Application\Admin\Controller\CommonController.class.php 第 37 行.
SQL: SHOW COLUMNS FROM `category` [ RunTime:0.007265s ]
SQL: INSERT INTO `category` (`name`,`pid`,`level`) VALUES ('公司新闻',0,1) [ RunTime:0.065829s ]
INFO: [ app_end ] --START--
INFO: Run Behavior\ShowPageTrace [ RunTime:0.001405s ]
INFO: [ app_end ] --END-- [ RunTime:0.001603s ]

[ 2014-02-21T17:13:35+08:00 ] 127.0.0.1 /myproject/index.php/Admin/Category/index.html
NOTIC: [2] array_merge(): Argument #2 is not an array D:\wamp\www\myproject\ThinkPHP\Library\Think\Hook.class.php 第 55 行.
INFO: [ app_begin ] --START--
INFO: Run Behavior\ReadHtmlCache [ RunTime:0.001160s ]
INFO: [ app_begin ] --END-- [ RunTime:0.001357s ]
SQL: SHOW COLUMNS FROM `menu` [ RunTime:0.004412s ]
SQL: SELECT * FROM `menu` WHERE ( `pid` = 0 )  [ RunTime:0.000452s ]
SQL: SELECT * FROM `menu` WHERE ( `url` LIKE '%Category/index%' ) LIMIT 1   [ RunTime:0.000224s ]
NOTIC: [8] Undefined variable: child_list D:\wamp\www\myproject\Application\Admin\Controller\CommonController.class.php 第 37 行.
INFO: [ view_parse ] --START--
INFO: [ template_filter ] --START--
INFO: Run Behavior\ContentReplace [ RunTime:0.000281s ]
INFO: [ template_filter ] --END-- [ RunTime:0.000416s ]
NOTIC: [8] Use of undefined constant add - assumed 'add' D:\wamp\www\myproject\Application\Runtime\Cache\Admin\9bfef0f9f473c596f668b6c9a32bfd5c.php 第 333 行.
INFO: Run Behavior\ParseTemplate [ RunTime:0.011509s ]
INFO: [ view_parse ] --END-- [ RunTime:0.011619s ]
INFO: [ view_filter ] --START--
INFO: Run Behavior\WriteHtmlCache [ RunTime:0.000379s ]
INFO: [ view_filter ] --END-- [ RunTime:0.000479s ]
INFO: [ app_end ] --START--
INFO: Run Behavior\ShowPageTrace [ RunTime:0.000634s ]
INFO: [ app_end ] --END-- [ RunTime:0.000733s ]

[ 2014-02-21T17:13:37+08:00 ] 127.0.0.1 /myproject/index.php/Admin/Category/add
NOTIC: [2] array_merge(): Argument #2 is not an array D:\wamp\www\myproject\ThinkPHP\Library\Think\Hook.class.php 第 55 行.
INFO: [ app_begin ] --START--
INFO: Run Behavior\ReadHtmlCache [ RunTime:0.000815s ]
INFO: [ app_begin ] --END-- [ RunTime:0.000957s ]
SQL: SHOW COLUMNS FROM `menu` [ RunTime:0.006168s ]
SQL: SELECT * FROM `menu` WHERE ( `pid` = 0 )  [ RunTime:0.000418s ]
SQL: SELECT * FROM `menu` WHERE ( `url` LIKE '%Category/add%' ) LIMIT 1   [ RunTime:0.000400s ]
NOTIC: [8] Undefined variable: child_list D:\wamp\www\myproject\Application\Admin\Controller\CommonController.class.php 第 37 行.
SQL: SHOW COLUMNS FROM `category` [ RunTime:0.006214s ]
NOTIC: [2] Missing argument 1 for Admin\Model\CategoryModel::saveCategory(), called in D:\wamp\www\myproject\Application\Admin\Controller\CategoryController.class.php on line 30 and defined D:\wamp\www\myproject\Application\Admin\Model\CategoryModel.class.php 第 20 行.
NOTIC: [8] Undefined variable: data D:\wamp\www\myproject\Application\Admin\Model\CategoryModel.class.php 第 21 行.
SQL: SELECT * FROM `category` WHERE ( `name` = '公司新闻' ) LIMIT 1   [ RunTime:0.000468s ]
SQL: UPDATE `category` SET `name`='公司新闻',`pid`=0,`sort`=null,`level`=0 WHERE ( `id` = 1 ) [ RunTime:0.080234s ]
INFO: [ app_end ] --START--
INFO: Run Behavior\ShowPageTrace [ RunTime:0.000928s ]
INFO: [ app_end ] --END-- [ RunTime:0.001044s ]

[ 2014-02-21T17:43:05+08:00 ] 127.0.0.1 /myproject/index.php/Admin/Category/index.html
NOTIC: [2] array_merge(): Argument #2 is not an array D:\wamp\www\myproject\ThinkPHP\Library\Think\Hook.class.php 第 55 行.
INFO: [ app_begin ] --START--
INFO: Run Behavior\ReadHtmlCache [ RunTime:0.000666s ]
INFO: [ app_begin ] --END-- [ RunTime:0.000779s ]
SQL: SHOW COLUMNS FROM `menu` [ RunTime:0.007024s ]
SQL: SELECT * FROM `menu` WHERE ( `pid` = 0 )  [ RunTime:0.000294s ]
SQL: SELECT * FROM `menu` WHERE ( `url` LIKE '%Category/index%' ) LIMIT 1   [ RunTime:0.000193s ]
NOTIC: [8] Undefined variable: child_list D:\wamp\www\myproject\Application\Admin\Controller\CommonController.class.php 第 37 行.
INFO: [ view_parse ] --START--
INFO: [ template_filter ] --START--
INFO: Run Behavior\ContentReplace [ RunTime:0.000281s ]
INFO: [ template_filter ] --END-- [ RunTime:0.000431s ]
NOTIC: [8] Use of undefined constant add - assumed 'add' D:\wamp\www\myproject\Application\Runtime\Cache\Admin\9bfef0f9f473c596f668b6c9a32bfd5c.php 第 333 行.
INFO: Run Behavior\ParseTemplate [ RunTime:0.012614s ]
INFO: [ view_parse ] --END-- [ RunTime:0.012728s ]
INFO: [ view_filter ] --START--
INFO: Run Behavior\WriteHtmlCache [ RunTime:0.000398s ]
INFO: [ view_filter ] --END-- [ RunTime:0.000500s ]
INFO: [ app_end ] --START--
INFO: Run Behavior\ShowPageTrace [ RunTime:0.000644s ]
INFO: [ app_end ] --END-- [ RunTime:0.000744s ]

[ 2014-02-21T17:43:07+08:00 ] 127.0.0.1 /myproject/index.php/Admin/Category/add
NOTIC: [2] array_merge(): Argument #2 is not an array D:\wamp\www\myproject\ThinkPHP\Library\Think\Hook.class.php 第 55 行.
INFO: [ app_begin ] --START--
INFO: Run Behavior\ReadHtmlCache [ RunTime:0.000656s ]
INFO: [ app_begin ] --END-- [ RunTime:0.000767s ]
SQL: SHOW COLUMNS FROM `menu` [ RunTime:0.003801s ]
SQL: SELECT * FROM `menu` WHERE ( `pid` = 0 )  [ RunTime:0.000286s ]
SQL: SELECT * FROM `menu` WHERE ( `url` LIKE '%Category/add%' ) LIMIT 1   [ RunTime:0.000217s ]
NOTIC: [8] Undefined variable: child_list D:\wamp\www\myproject\Application\Admin\Controller\CommonController.class.php 第 37 行.
SQL: SHOW COLUMNS FROM `category` [ RunTime:0.003758s ]
SQL: SELECT * FROM `category` WHERE ( `name` = '公司新闻' ) LIMIT 1   [ RunTime:0.000262s ]
SQL: UPDATE `category` SET `name`='公司新闻',`pid`=0,`sort`=null,`level`=0 WHERE ( `id` = 1 ) [ RunTime:0.077590s ]
INFO: [ app_end ] --START--
INFO: Run Behavior\ShowPageTrace [ RunTime:0.000798s ]
INFO: [ app_end ] --END-- [ RunTime:0.000896s ]

[ 2014-02-21T17:43:49+08:00 ] 127.0.0.1 /myproject/index.php/Admin/Category/add
NOTIC: [2] array_merge(): Argument #2 is not an array D:\wamp\www\myproject\ThinkPHP\Library\Think\Hook.class.php 第 55 行.
INFO: [ app_begin ] --START--
INFO: Run Behavior\ReadHtmlCache [ RunTime:0.000640s ]
INFO: [ app_begin ] --END-- [ RunTime:0.000754s ]
SQL: SHOW COLUMNS FROM `menu` [ RunTime:0.003682s ]
SQL: SELECT * FROM `menu` WHERE ( `pid` = 0 )  [ RunTime:0.000197s ]
SQL: SELECT * FROM `menu` WHERE ( `url` LIKE '%Category/add%' ) LIMIT 1   [ RunTime:0.000149s ]
NOTIC: [8] Undefined variable: child_list D:\wamp\www\myproject\Application\Admin\Controller\CommonController.class.php 第 37 行.
SQL: SHOW COLUMNS FROM `category` [ RunTime:0.003468s ]

[ 2014-02-21T17:44:32+08:00 ] 127.0.0.1 /myproject/index.php/Admin/Category/add
NOTIC: [2] array_merge(): Argument #2 is not an array D:\wamp\www\myproject\ThinkPHP\Library\Think\Hook.class.php 第 55 行.
INFO: [ app_begin ] --START--
INFO: Run Behavior\ReadHtmlCache [ RunTime:0.000645s ]
INFO: [ app_begin ] --END-- [ RunTime:0.000756s ]
SQL: SHOW COLUMNS FROM `menu` [ RunTime:0.004535s ]
SQL: SELECT * FROM `menu` WHERE ( `pid` = 0 )  [ RunTime:0.000297s ]
SQL: SELECT * FROM `menu` WHERE ( `url` LIKE '%Category/add%' ) LIMIT 1   [ RunTime:0.000252s ]
NOTIC: [8] Undefined variable: child_list D:\wamp\www\myproject\Application\Admin\Controller\CommonController.class.php 第 37 行.
SQL: SHOW COLUMNS FROM `category` [ RunTime:0.003848s ]
SQL: SELECT * FROM `category` WHERE ( `name` = '娱乐新闻' ) LIMIT 1   [ RunTime:0.000238s ]
INFO: [ app_end ] --START--
INFO: Run Behavior\ShowPageTrace [ RunTime:0.000713s ]
INFO: [ app_end ] --END-- [ RunTime:0.000817s ]

[ 2014-02-21T17:49:36+08:00 ] 127.0.0.1 /myproject/index.php/Admin/Category/add
NOTIC: [2] array_merge(): Argument #2 is not an array D:\wamp\www\myproject\ThinkPHP\Library\Think\Hook.class.php 第 55 行.
INFO: [ app_begin ] --START--
INFO: Run Behavior\ReadHtmlCache [ RunTime:0.000830s ]
INFO: [ app_begin ] --END-- [ RunTime:0.001049s ]
SQL: SHOW COLUMNS FROM `menu` [ RunTime:0.003952s ]
SQL: SELECT * FROM `menu` WHERE ( `pid` = 0 )  [ RunTime:0.000252s ]
SQL: SELECT * FROM `menu` WHERE ( `url` LIKE '%Category/add%' ) LIMIT 1   [ RunTime:0.000190s ]
NOTIC: [8] Undefined variable: child_list D:\wamp\www\myproject\Application\Admin\Controller\CommonController.class.php 第 37 行.
SQL: SHOW COLUMNS FROM `category` [ RunTime:0.003456s ]
SQL: SELECT * FROM `category` WHERE ( `name` = '娱乐新闻' ) LIMIT 1   [ RunTime:0.000208s ]

[ 2014-02-21T17:50:03+08:00 ] 127.0.0.1 /myproject/index.php/Admin/Category/add
NOTIC: [2] array_merge(): Argument #2 is not an array D:\wamp\www\myproject\ThinkPHP\Library\Think\Hook.class.php 第 55 行.
INFO: [ app_begin ] --START--
INFO: Run Behavior\ReadHtmlCache [ RunTime:0.000761s ]
INFO: [ app_begin ] --END-- [ RunTime:0.000883s ]
SQL: SHOW COLUMNS FROM `menu` [ RunTime:0.004158s ]
SQL: SELECT * FROM `menu` WHERE ( `pid` = 0 )  [ RunTime:0.000340s ]
SQL: SELECT * FROM `menu` WHERE ( `url` LIKE '%Category/add%' ) LIMIT 1   [ RunTime:0.000238s ]
NOTIC: [8] Undefined variable: child_list D:\wamp\www\myproject\Application\Admin\Controller\CommonController.class.php 第 37 行.
SQL: SHOW COLUMNS FROM `category` [ RunTime:0.003421s ]
INFO: [ app_end ] --START--
INFO: Run Behavior\ShowPageTrace [ RunTime:0.000691s ]
INFO: [ app_end ] --END-- [ RunTime:0.000793s ]

[ 2014-02-21T17:52:05+08:00 ] 127.0.0.1 /myproject/index.php/Admin/Category/add
NOTIC: [2] array_merge(): Argument #2 is not an array D:\wamp\www\myproject\ThinkPHP\Library\Think\Hook.class.php 第 55 行.
INFO: [ app_begin ] --START--
INFO: Run Behavior\ReadHtmlCache [ RunTime:0.000768s ]
INFO: [ app_begin ] --END-- [ RunTime:0.000951s ]
SQL: SHOW COLUMNS FROM `menu` [ RunTime:0.003760s ]
SQL: SELECT * FROM `menu` WHERE ( `pid` = 0 )  [ RunTime:0.000274s ]
SQL: SELECT * FROM `menu` WHERE ( `url` LIKE '%Category/add%' ) LIMIT 1   [ RunTime:0.000241s ]
NOTIC: [8] Undefined variable: child_list D:\wamp\www\myproject\Application\Admin\Controller\CommonController.class.php 第 37 行.
SQL: SHOW COLUMNS FROM `category` [ RunTime:0.003542s ]
SQL: SELECT * FROM `category` WHERE ( `name` = '娱乐新闻' ) LIMIT 1   [ RunTime:0.000227s ]
INFO: [ app_end ] --START--
INFO: Run Behavior\ShowPageTrace [ RunTime:0.001340s ]
INFO: [ app_end ] --END-- [ RunTime:0.001478s ]

[ 2014-02-21T17:52:19+08:00 ] 127.0.0.1 /myproject/index.php/Admin/Category/add
NOTIC: [2] array_merge(): Argument #2 is not an array D:\wamp\www\myproject\ThinkPHP\Library\Think\Hook.class.php 第 55 行.
INFO: [ app_begin ] --START--
INFO: Run Behavior\ReadHtmlCache [ RunTime:0.000792s ]
INFO: [ app_begin ] --END-- [ RunTime:0.000983s ]
SQL: SHOW COLUMNS FROM `menu` [ RunTime:0.012892s ]
SQL: SELECT * FROM `menu` WHERE ( `pid` = 0 )  [ RunTime:0.000262s ]
SQL: SELECT * FROM `menu` WHERE ( `url` LIKE '%Category/add%' ) LIMIT 1   [ RunTime:0.000200s ]
NOTIC: [8] Undefined variable: child_list D:\wamp\www\myproject\Application\Admin\Controller\CommonController.class.php 第 37 行.
SQL: SHOW COLUMNS FROM `category` [ RunTime:0.003479s ]
SQL: SELECT * FROM `category` WHERE ( `name` = '娱乐新闻' ) LIMIT 1   [ RunTime:0.000242s ]

